{"D:\\Projects\\chess-to-me\\src\\electron-api.d.ts": {"path":"D:\\Projects\\chess-to-me\\src\\electron-api.d.ts","statementMap":{},"fnMap":{},"branchMap":{},"s":{},"f":{},"b":{}}
,"D:\\Projects\\chess-to-me\\src\\theme.ts": {"path":"D:\\Projects\\chess-to-me\\src\\theme.ts","statementMap":{"0":{"start":{"line":3,"column":14},"end":{"line":36,"column":2}}},"fnMap":{},"branchMap":{},"s":{"0":0},"f":{},"b":{}}
,"D:\\Projects\\chess-to-me\\src\\types\\index.ts": {"path":"D:\\Projects\\chess-to-me\\src\\types\\index.ts","statementMap":{},"fnMap":{},"branchMap":{},"s":{},"f":{},"b":{}}
,"D:\\Projects\\chess-to-me\\src\\utils\\ChessEngine.ts": {"path":"D:\\Projects\\chess-to-me\\src\\utils\\ChessEngine.ts","statementMap":{"0":{"start":{"line":5,"column":17},"end":{"line":5,"column":21}},"1":{"start":{"line":8,"column":4},"end":{"line":10,"column":5}},"2":{"start":{"line":9,"column":6},"end":{"line":9,"column":76}},"3":{"start":{"line":11,"column":4},"end":{"line":11,"column":21}},"4":{"start":{"line":12,"column":4},"end":{"line":12,"column":24}},"5":{"start":{"line":20,"column":4},"end":{"line":20,"column":62}},"6":{"start":{"line":24,"column":4},"end":{"line":24,"column":65}},"7":{"start":{"line":28,"column":4},"end":{"line":28,"column":62}},"8":{"start":{"line":32,"column":4},"end":{"line":32,"column":65}},"9":{"start":{"line":36,"column":4},"end":{"line":36,"column":67}}},"fnMap":{"0":{"name":"(anonymous_0)","decl":{"start":{"line":7,"column":2},"end":{"line":7,"column":3}},"loc":{"start":{"line":7,"column":28},"end":{"line":13,"column":3}},"line":7},"1":{"name":"(anonymous_1)","decl":{"start":{"line":19,"column":2},"end":{"line":19,"column":3}},"loc":{"start":{"line":19,"column":30},"end":{"line":21,"column":3}},"line":19},"2":{"name":"(anonymous_2)","decl":{"start":{"line":23,"column":2},"end":{"line":23,"column":3}},"loc":{"start":{"line":23,"column":91},"end":{"line":25,"column":3}},"line":23},"3":{"name":"(anonymous_3)","decl":{"start":{"line":27,"column":2},"end":{"line":27,"column":3}},"loc":{"start":{"line":27,"column":30},"end":{"line":29,"column":3}},"line":27},"4":{"name":"(anonymous_4)","decl":{"start":{"line":31,"column":2},"end":{"line":31,"column":3}},"loc":{"start":{"line":31,"column":33},"end":{"line":33,"column":3}},"line":31},"5":{"name":"(anonymous_5)","decl":{"start":{"line":35,"column":2},"end":{"line":35,"column":3}},"loc":{"start":{"line":35,"column":23},"end":{"line":37,"column":3}},"line":35}},"branchMap":{"0":{"loc":{"start":{"line":8,"column":4},"end":{"line":10,"column":5}},"type":"if","locations":[{"start":{"line":8,"column":4},"end":{"line":10,"column":5}},{"start":{},"end":{}}],"line":8}},"s":{"0":49,"1":49,"2":1,"3":48,"4":48,"5":1,"6":1,"7":1,"8":1,"9":1},"f":{"0":49,"1":1,"2":1,"3":1,"4":1,"5":1},"b":{"0":[1,48]},"_coverageSchema":"1a1c01bbd47fc00a2c39e90264f33305004495a9","hash":"c093d67c23cd66f142e897bd3ecd0c24157b8668"}
,"D:\\Projects\\chess-to-me\\src\\utils\\EngineRouter.ts": {"path":"D:\\Projects\\chess-to-me\\src\\utils\\EngineRouter.ts","statementMap":{"0":{"start":{"line":12,"column":4},"end":{"line":12,"column":41}},"1":{"start":{"line":13,"column":4},"end":{"line":13,"column":35}},"2":{"start":{"line":14,"column":4},"end":{"line":14,"column":30}},"3":{"start":{"line":18,"column":4},"end":{"line":18,"column":37}},"4":{"start":{"line":19,"column":4},"end":{"line":21,"column":5}},"5":{"start":{"line":20,"column":6},"end":{"line":20,"column":42}},"6":{"start":{"line":25,"column":4},"end":{"line":25,"column":57}},"7":{"start":{"line":29,"column":17},"end":{"line":29,"column":45}},"8":{"start":{"line":30,"column":4},"end":{"line":32,"column":5}},"9":{"start":{"line":31,"column":6},"end":{"line":31,"column":70}},"10":{"start":{"line":34,"column":4},"end":{"line":41,"column":5}},"11":{"start":{"line":36,"column":8},"end":{"line":36,"column":41}},"12":{"start":{"line":38,"column":8},"end":{"line":38,"column":35}},"13":{"start":{"line":40,"column":8},"end":{"line":40,"column":57}},"14":{"start":{"line":45,"column":4},"end":{"line":51,"column":5}},"15":{"start":{"line":46,"column":6},"end":{"line":50,"column":7}},"16":{"start":{"line":47,"column":8},"end":{"line":47,"column":43}},"17":{"start":{"line":49,"column":8},"end":{"line":49,"column":111}},"18":{"start":{"line":53,"column":4},"end":{"line":53,"column":45}},"19":{"start":{"line":54,"column":4},"end":{"line":54,"column":56}},"20":{"start":{"line":56,"column":4},"end":{"line":61,"column":5}},"21":{"start":{"line":57,"column":6},"end":{"line":57,"column":38}},"22":{"start":{"line":59,"column":6},"end":{"line":59,"column":32}},"23":{"start":{"line":60,"column":6},"end":{"line":60,"column":16}},"24":{"start":{"line":65,"column":4},"end":{"line":67,"column":5}},"25":{"start":{"line":66,"column":6},"end":{"line":66,"column":57}},"26":{"start":{"line":68,"column":4},"end":{"line":68,"column":59}},"27":{"start":{"line":72,"column":4},"end":{"line":74,"column":5}},"28":{"start":{"line":73,"column":6},"end":{"line":73,"column":38}},"29":{"start":{"line":78,"column":4},"end":{"line":81,"column":5}},"30":{"start":{"line":79,"column":6},"end":{"line":79,"column":41}},"31":{"start":{"line":80,"column":6},"end":{"line":80,"column":32}},"32":{"start":{"line":89,"column":4},"end":{"line":93,"column":6}}},"fnMap":{"0":{"name":"(anonymous_0)","decl":{"start":{"line":11,"column":2},"end":{"line":11,"column":3}},"loc":{"start":{"line":11,"column":88},"end":{"line":15,"column":3}},"line":11},"1":{"name":"(anonymous_1)","decl":{"start":{"line":17,"column":2},"end":{"line":17,"column":3}},"loc":{"start":{"line":17,"column":61},"end":{"line":22,"column":3}},"line":17},"2":{"name":"(anonymous_2)","decl":{"start":{"line":24,"column":2},"end":{"line":24,"column":3}},"loc":{"start":{"line":24,"column":54},"end":{"line":26,"column":3}},"line":24},"3":{"name":"(anonymous_3)","decl":{"start":{"line":28,"column":2},"end":{"line":28,"column":3}},"loc":{"start":{"line":28,"column":58},"end":{"line":42,"column":3}},"line":28},"4":{"name":"(anonymous_4)","decl":{"start":{"line":44,"column":2},"end":{"line":44,"column":3}},"loc":{"start":{"line":44,"column":71},"end":{"line":62,"column":3}},"line":44},"5":{"name":"(anonymous_5)","decl":{"start":{"line":64,"column":2},"end":{"line":64,"column":3}},"loc":{"start":{"line":64,"column":88},"end":{"line":69,"column":3}},"line":64},"6":{"name":"(anonymous_6)","decl":{"start":{"line":71,"column":2},"end":{"line":71,"column":3}},"loc":{"start":{"line":71,"column":30},"end":{"line":75,"column":3}},"line":71},"7":{"name":"(anonymous_7)","decl":{"start":{"line":77,"column":2},"end":{"line":77,"column":3}},"loc":{"start":{"line":77,"column":33},"end":{"line":82,"column":3}},"line":77},"8":{"name":"(anonymous_8)","decl":{"start":{"line":84,"column":2},"end":{"line":84,"column":3}},"loc":{"start":{"line":88,"column":4},"end":{"line":94,"column":3}},"line":88}},"branchMap":{"0":{"loc":{"start":{"line":11,"column":14},"end":{"line":11,"column":44}},"type":"default-arg","locations":[{"start":{"line":11,"column":39},"end":{"line":11,"column":44}}],"line":11},"1":{"loc":{"start":{"line":11,"column":46},"end":{"line":11,"column":86}},"type":"default-arg","locations":[{"start":{"line":11,"column":84},"end":{"line":11,"column":86}}],"line":11},"2":{"loc":{"start":{"line":19,"column":4},"end":{"line":21,"column":5}},"type":"if","locations":[{"start":{"line":19,"column":4},"end":{"line":21,"column":5}},{"start":{},"end":{}}],"line":19},"3":{"loc":{"start":{"line":30,"column":4},"end":{"line":32,"column":5}},"type":"if","locations":[{"start":{"line":30,"column":4},"end":{"line":32,"column":5}},{"start":{},"end":{}}],"line":30},"4":{"loc":{"start":{"line":34,"column":4},"end":{"line":41,"column":5}},"type":"switch","locations":[{"start":{"line":35,"column":6},"end":{"line":36,"column":41}},{"start":{"line":37,"column":6},"end":{"line":38,"column":35}},{"start":{"line":39,"column":6},"end":{"line":40,"column":57}}],"line":34},"5":{"loc":{"start":{"line":45,"column":4},"end":{"line":51,"column":5}},"type":"if","locations":[{"start":{"line":45,"column":4},"end":{"line":51,"column":5}},{"start":{},"end":{}}],"line":45},"6":{"loc":{"start":{"line":49,"column":59},"end":{"line":49,"column":107}},"type":"cond-expr","locations":[{"start":{"line":49,"column":82},"end":{"line":49,"column":93}},{"start":{"line":49,"column":96},"end":{"line":49,"column":107}}],"line":49},"7":{"loc":{"start":{"line":65,"column":4},"end":{"line":67,"column":5}},"type":"if","locations":[{"start":{"line":65,"column":4},"end":{"line":67,"column":5}},{"start":{},"end":{}}],"line":65},"8":{"loc":{"start":{"line":72,"column":4},"end":{"line":74,"column":5}},"type":"if","locations":[{"start":{"line":72,"column":4},"end":{"line":74,"column":5}},{"start":{},"end":{}}],"line":72},"9":{"loc":{"start":{"line":78,"column":4},"end":{"line":81,"column":5}},"type":"if","locations":[{"start":{"line":78,"column":4},"end":{"line":81,"column":5}},{"start":{},"end":{}}],"line":78},"10":{"loc":{"start":{"line":92,"column":27},"end":{"line":92,"column":68}},"type":"binary-expr","locations":[{"start":{"line":92,"column":27},"end":{"line":92,"column":60}},{"start":{"line":92,"column":64},"end":{"line":92,"column":68}}],"line":92}},"s":{"0":20,"1":20,"2":20,"3":13,"4":13,"5":1,"6":1,"7":12,"8":12,"9":1,"10":11,"11":8,"12":2,"13":1,"14":12,"15":1,"16":1,"17":0,"18":12,"19":12,"20":10,"21":10,"22":1,"23":1,"24":2,"25":1,"26":1,"27":2,"28":1,"29":2,"30":1,"31":1,"32":5},"f":{"0":20,"1":13,"2":1,"3":12,"4":12,"5":2,"6":2,"7":2,"8":5},"b":{"0":[1],"1":[1],"2":[1,12],"3":[1,11],"4":[8,2,1],"5":[1,11],"6":[0,0],"7":[1,1],"8":[1,1],"9":[1,1],"10":[5,3]},"_coverageSchema":"1a1c01bbd47fc00a2c39e90264f33305004495a9","hash":"c9e755a164a4b9dc4260ecff98a8bf415f3fa840"}
,"D:\\Projects\\chess-to-me\\src\\utils\\LC0Engine.ts": {"path":"D:\\Projects\\chess-to-me\\src\\utils\\LC0Engine.ts","statementMap":{"0":{"start":{"line":5,"column":2},"end":{"line":5,"column":67}},"1":{"start":{"line":12,"column":4},"end":{"line":12,"column":16}},"2":{"start":{"line":13,"column":4},"end":{"line":13,"column":22}},"3":{"start":{"line":17,"column":16},"end":{"line":17,"column":24}},"4":{"start":{"line":18,"column":4},"end":{"line":20,"column":5}},"5":{"start":{"line":19,"column":6},"end":{"line":19,"column":63}},"6":{"start":{"line":21,"column":4},"end":{"line":25,"column":5}},"7":{"start":{"line":22,"column":6},"end":{"line":22,"column":72}},"8":{"start":{"line":24,"column":6},"end":{"line":24,"column":103}},"9":{"start":{"line":29,"column":16},"end":{"line":29,"column":24}},"10":{"start":{"line":30,"column":4},"end":{"line":32,"column":5}},"11":{"start":{"line":31,"column":6},"end":{"line":31,"column":50}},"12":{"start":{"line":33,"column":4},"end":{"line":47,"column":5}},"13":{"start":{"line":34,"column":23},"end":{"line":39,"column":8}},"14":{"start":{"line":40,"column":6},"end":{"line":43,"column":7}},"15":{"start":{"line":41,"column":25},"end":{"line":41,"column":70}},"16":{"start":{"line":42,"column":8},"end":{"line":42,"column":34}},"17":{"start":{"line":44,"column":6},"end":{"line":44,"column":40}},"18":{"start":{"line":46,"column":6},"end":{"line":46,"column":97}},"19":{"start":{"line":51,"column":4},"end":{"line":57,"column":5}},"20":{"start":{"line":52,"column":18},"end":{"line":52,"column":26}},"21":{"start":{"line":53,"column":6},"end":{"line":53,"column":35}},"22":{"start":{"line":53,"column":28},"end":{"line":53,"column":35}},"23":{"start":{"line":54,"column":6},"end":{"line":54,"column":46}},"24":{"start":{"line":61,"column":4},"end":{"line":61,"column":22}},"25":{"start":{"line":65,"column":4},"end":{"line":69,"column":6}}},"fnMap":{"0":{"name":"getAPI","decl":{"start":{"line":4,"column":9},"end":{"line":4,"column":15}},"loc":{"start":{"line":4,"column":18},"end":{"line":6,"column":1}},"line":4},"1":{"name":"(anonymous_1)","decl":{"start":{"line":11,"column":2},"end":{"line":11,"column":3}},"loc":{"start":{"line":11,"column":28},"end":{"line":14,"column":3}},"line":11},"2":{"name":"(anonymous_2)","decl":{"start":{"line":16,"column":2},"end":{"line":16,"column":3}},"loc":{"start":{"line":16,"column":30},"end":{"line":26,"column":3}},"line":16},"3":{"name":"(anonymous_3)","decl":{"start":{"line":28,"column":2},"end":{"line":28,"column":3}},"loc":{"start":{"line":28,"column":95},"end":{"line":48,"column":3}},"line":28},"4":{"name":"(anonymous_4)","decl":{"start":{"line":50,"column":2},"end":{"line":50,"column":3}},"loc":{"start":{"line":50,"column":30},"end":{"line":58,"column":3}},"line":50},"5":{"name":"(anonymous_5)","decl":{"start":{"line":60,"column":2},"end":{"line":60,"column":3}},"loc":{"start":{"line":60,"column":33},"end":{"line":62,"column":3}},"line":60},"6":{"name":"(anonymous_6)","decl":{"start":{"line":64,"column":2},"end":{"line":64,"column":3}},"loc":{"start":{"line":64,"column":62},"end":{"line":70,"column":3}},"line":64}},"branchMap":{"0":{"loc":{"start":{"line":5,"column":9},"end":{"line":5,"column":66}},"type":"cond-expr","locations":[{"start":{"line":5,"column":41},"end":{"line":5,"column":59}},{"start":{"line":5,"column":62},"end":{"line":5,"column":66}}],"line":5},"1":{"loc":{"start":{"line":18,"column":4},"end":{"line":20,"column":5}},"type":"if","locations":[{"start":{"line":18,"column":4},"end":{"line":20,"column":5}},{"start":{},"end":{}}],"line":18},"2":{"loc":{"start":{"line":24,"column":51},"end":{"line":24,"column":99}},"type":"cond-expr","locations":[{"start":{"line":24,"column":74},"end":{"line":24,"column":85}},{"start":{"line":24,"column":88},"end":{"line":24,"column":99}}],"line":24},"3":{"loc":{"start":{"line":28,"column":29},"end":{"line":28,"column":47}},"type":"default-arg","locations":[{"start":{"line":28,"column":45},"end":{"line":28,"column":47}}],"line":28},"4":{"loc":{"start":{"line":28,"column":49},"end":{"line":28,"column":68}},"type":"default-arg","locations":[{"start":{"line":28,"column":67},"end":{"line":28,"column":68}}],"line":28},"5":{"loc":{"start":{"line":30,"column":4},"end":{"line":32,"column":5}},"type":"if","locations":[{"start":{"line":30,"column":4},"end":{"line":32,"column":5}},{"start":{},"end":{}}],"line":30},"6":{"loc":{"start":{"line":40,"column":6},"end":{"line":43,"column":7}},"type":"if","locations":[{"start":{"line":40,"column":6},"end":{"line":43,"column":7}},{"start":{},"end":{}}],"line":40},"7":{"loc":{"start":{"line":41,"column":25},"end":{"line":41,"column":70}},"type":"binary-expr","locations":[{"start":{"line":41,"column":25},"end":{"line":41,"column":49}},{"start":{"line":41,"column":53},"end":{"line":41,"column":70}}],"line":41},"8":{"loc":{"start":{"line":46,"column":45},"end":{"line":46,"column":93}},"type":"cond-expr","locations":[{"start":{"line":46,"column":68},"end":{"line":46,"column":79}},{"start":{"line":46,"column":82},"end":{"line":46,"column":93}}],"line":46},"9":{"loc":{"start":{"line":53,"column":6},"end":{"line":53,"column":35}},"type":"if","locations":[{"start":{"line":53,"column":6},"end":{"line":53,"column":35}},{"start":{},"end":{}}],"line":53}},"s":{"0":14,"1":17,"2":17,"3":5,"4":5,"5":1,"6":4,"7":4,"8":1,"9":5,"10":5,"11":1,"12":4,"13":4,"14":3,"15":1,"16":1,"17":2,"18":2,"19":4,"20":4,"21":4,"22":1,"23":3,"24":1,"25":2},"f":{"0":14,"1":17,"2":5,"3":5,"4":4,"5":1,"6":2},"b":{"0":[14,0],"1":[1,4],"2":[1,0],"3":[4],"4":[4],"5":[1,4],"6":[1,2],"7":[1,0],"8":[2,0],"9":[1,3]},"_coverageSchema":"1a1c01bbd47fc00a2c39e90264f33305004495a9","hash":"0cba75012166c6e0968f3eee8591caef8e45e86d"}
,"D:\\Projects\\chess-to-me\\src\\utils\\StockfishEngine.ts": {"path":"D:\\Projects\\chess-to-me\\src\\utils\\StockfishEngine.ts","statementMap":{"0":{"start":{"line":5,"column":2},"end":{"line":5,"column":67}},"1":{"start":{"line":12,"column":4},"end":{"line":12,"column":16}},"2":{"start":{"line":13,"column":4},"end":{"line":13,"column":28}},"3":{"start":{"line":17,"column":16},"end":{"line":17,"column":24}},"4":{"start":{"line":18,"column":4},"end":{"line":20,"column":5}},"5":{"start":{"line":19,"column":6},"end":{"line":19,"column":63}},"6":{"start":{"line":21,"column":4},"end":{"line":25,"column":5}},"7":{"start":{"line":22,"column":6},"end":{"line":22,"column":78}},"8":{"start":{"line":24,"column":6},"end":{"line":24,"column":109}},"9":{"start":{"line":29,"column":16},"end":{"line":29,"column":24}},"10":{"start":{"line":30,"column":4},"end":{"line":32,"column":5}},"11":{"start":{"line":31,"column":6},"end":{"line":31,"column":50}},"12":{"start":{"line":33,"column":4},"end":{"line":47,"column":5}},"13":{"start":{"line":34,"column":23},"end":{"line":39,"column":8}},"14":{"start":{"line":40,"column":6},"end":{"line":43,"column":7}},"15":{"start":{"line":41,"column":25},"end":{"line":41,"column":70}},"16":{"start":{"line":42,"column":8},"end":{"line":42,"column":34}},"17":{"start":{"line":44,"column":6},"end":{"line":44,"column":40}},"18":{"start":{"line":46,"column":6},"end":{"line":46,"column":103}},"19":{"start":{"line":51,"column":4},"end":{"line":57,"column":5}},"20":{"start":{"line":52,"column":18},"end":{"line":52,"column":26}},"21":{"start":{"line":53,"column":6},"end":{"line":53,"column":35}},"22":{"start":{"line":53,"column":28},"end":{"line":53,"column":35}},"23":{"start":{"line":54,"column":6},"end":{"line":54,"column":52}},"24":{"start":{"line":61,"column":4},"end":{"line":61,"column":22}},"25":{"start":{"line":65,"column":4},"end":{"line":69,"column":6}}},"fnMap":{"0":{"name":"getAPI","decl":{"start":{"line":4,"column":9},"end":{"line":4,"column":15}},"loc":{"start":{"line":4,"column":18},"end":{"line":6,"column":1}},"line":4},"1":{"name":"(anonymous_1)","decl":{"start":{"line":11,"column":2},"end":{"line":11,"column":3}},"loc":{"start":{"line":11,"column":28},"end":{"line":14,"column":3}},"line":11},"2":{"name":"(anonymous_2)","decl":{"start":{"line":16,"column":2},"end":{"line":16,"column":3}},"loc":{"start":{"line":16,"column":30},"end":{"line":26,"column":3}},"line":16},"3":{"name":"(anonymous_3)","decl":{"start":{"line":28,"column":2},"end":{"line":28,"column":3}},"loc":{"start":{"line":28,"column":95},"end":{"line":48,"column":3}},"line":28},"4":{"name":"(anonymous_4)","decl":{"start":{"line":50,"column":2},"end":{"line":50,"column":3}},"loc":{"start":{"line":50,"column":30},"end":{"line":58,"column":3}},"line":50},"5":{"name":"(anonymous_5)","decl":{"start":{"line":60,"column":2},"end":{"line":60,"column":3}},"loc":{"start":{"line":60,"column":33},"end":{"line":62,"column":3}},"line":60},"6":{"name":"(anonymous_6)","decl":{"start":{"line":64,"column":2},"end":{"line":64,"column":3}},"loc":{"start":{"line":64,"column":62},"end":{"line":70,"column":3}},"line":64}},"branchMap":{"0":{"loc":{"start":{"line":5,"column":9},"end":{"line":5,"column":66}},"type":"cond-expr","locations":[{"start":{"line":5,"column":41},"end":{"line":5,"column":59}},{"start":{"line":5,"column":62},"end":{"line":5,"column":66}}],"line":5},"1":{"loc":{"start":{"line":18,"column":4},"end":{"line":20,"column":5}},"type":"if","locations":[{"start":{"line":18,"column":4},"end":{"line":20,"column":5}},{"start":{},"end":{}}],"line":18},"2":{"loc":{"start":{"line":24,"column":57},"end":{"line":24,"column":105}},"type":"cond-expr","locations":[{"start":{"line":24,"column":80},"end":{"line":24,"column":91}},{"start":{"line":24,"column":94},"end":{"line":24,"column":105}}],"line":24},"3":{"loc":{"start":{"line":28,"column":29},"end":{"line":28,"column":47}},"type":"default-arg","locations":[{"start":{"line":28,"column":45},"end":{"line":28,"column":47}}],"line":28},"4":{"loc":{"start":{"line":28,"column":49},"end":{"line":28,"column":68}},"type":"default-arg","locations":[{"start":{"line":28,"column":67},"end":{"line":28,"column":68}}],"line":28},"5":{"loc":{"start":{"line":30,"column":4},"end":{"line":32,"column":5}},"type":"if","locations":[{"start":{"line":30,"column":4},"end":{"line":32,"column":5}},{"start":{},"end":{}}],"line":30},"6":{"loc":{"start":{"line":40,"column":6},"end":{"line":43,"column":7}},"type":"if","locations":[{"start":{"line":40,"column":6},"end":{"line":43,"column":7}},{"start":{},"end":{}}],"line":40},"7":{"loc":{"start":{"line":41,"column":25},"end":{"line":41,"column":70}},"type":"binary-expr","locations":[{"start":{"line":41,"column":25},"end":{"line":41,"column":49}},{"start":{"line":41,"column":53},"end":{"line":41,"column":70}}],"line":41},"8":{"loc":{"start":{"line":46,"column":51},"end":{"line":46,"column":99}},"type":"cond-expr","locations":[{"start":{"line":46,"column":74},"end":{"line":46,"column":85}},{"start":{"line":46,"column":88},"end":{"line":46,"column":99}}],"line":46},"9":{"loc":{"start":{"line":53,"column":6},"end":{"line":53,"column":35}},"type":"if","locations":[{"start":{"line":53,"column":6},"end":{"line":53,"column":35}},{"start":{},"end":{}}],"line":53}},"s":{"0":24,"1":23,"2":23,"3":11,"4":11,"5":1,"6":10,"7":10,"8":2,"9":6,"10":6,"11":1,"12":5,"13":5,"14":4,"15":1,"16":1,"17":3,"18":2,"19":7,"20":7,"21":7,"22":1,"23":6,"24":3,"25":4},"f":{"0":24,"1":23,"2":11,"3":6,"4":7,"5":3,"6":4},"b":{"0":[24,0],"1":[1,10],"2":[2,0],"3":[4],"4":[4],"5":[1,5],"6":[1,3],"7":[1,0],"8":[2,0],"9":[1,6]},"_coverageSchema":"1a1c01bbd47fc00a2c39e90264f33305004495a9","hash":"f7bae8c672535a0eadc99a31479ddd45d4d91b6d"}
,"D:\\Projects\\chess-to-me\\src\\utils\\analysisHelpers.ts": {"path":"D:\\Projects\\chess-to-me\\src\\utils\\analysisHelpers.ts","statementMap":{"0":{"start":{"line":4,"column":24},"end":{"line":4,"column":38}},"1":{"start":{"line":5,"column":43},"end":{"line":12,"column":1}},"2":{"start":{"line":13,"column":43},"end":{"line":16,"column":1}},"3":{"start":{"line":18,"column":19},"end":{"line":28,"column":1}},"4":{"start":{"line":19,"column":2},"end":{"line":21,"column":3}},"5":{"start":{"line":20,"column":4},"end":{"line":20,"column":14}},"6":{"start":{"line":22,"column":2},"end":{"line":27,"column":12}},"7":{"start":{"line":30,"column":20},"end":{"line":35,"column":1}},"8":{"start":{"line":31,"column":2},"end":{"line":33,"column":3}},"9":{"start":{"line":32,"column":4},"end":{"line":32,"column":31}},"10":{"start":{"line":34,"column":2},"end":{"line":34,"column":67}},"11":{"start":{"line":34,"column":29},"end":{"line":34,"column":54}},"12":{"start":{"line":37,"column":28},"end":{"line":101,"column":1}},"13":{"start":{"line":44,"column":16},"end":{"line":44,"column":27}},"14":{"start":{"line":45,"column":2},"end":{"line":53,"column":3}},"15":{"start":{"line":46,"column":4},"end":{"line":50,"column":5}},"16":{"start":{"line":47,"column":6},"end":{"line":47,"column":30}},"17":{"start":{"line":49,"column":6},"end":{"line":49,"column":20}},"18":{"start":{"line":52,"column":4},"end":{"line":52,"column":18}},"19":{"start":{"line":54,"column":22},"end":{"line":54,"column":62}},"20":{"start":{"line":55,"column":24},"end":{"line":55,"column":67}},"21":{"start":{"line":63,"column":7},"end":{"line":63,"column":9}},"22":{"start":{"line":65,"column":2},"end":{"line":80,"column":3}},"23":{"start":{"line":66,"column":4},"end":{"line":79,"column":5}},"24":{"start":{"line":67,"column":25},"end":{"line":67,"column":85}},"25":{"start":{"line":68,"column":6},"end":{"line":68,"column":29}},"26":{"start":{"line":68,"column":23},"end":{"line":68,"column":29}},"27":{"start":{"line":69,"column":6},"end":{"line":76,"column":9}},"28":{"start":{"line":78,"column":6},"end":{"line":78,"column":12}},"29":{"start":{"line":82,"column":20},"end":{"line":82,"column":93}},"30":{"start":{"line":82,"column":48},"end":{"line":82,"column":72}},"31":{"start":{"line":83,"column":16},"end":{"line":83,"column":30}},"32":{"start":{"line":84,"column":19},"end":{"line":86,"column":82}},"33":{"start":{"line":87,"column":21},"end":{"line":89,"column":91}},"34":{"start":{"line":90,"column":23},"end":{"line":92,"column":88}},"35":{"start":{"line":94,"column":2},"end":{"line":100,"column":15}},"36":{"start":{"line":103,"column":34},"end":{"line":147,"column":1}},"37":{"start":{"line":108,"column":16},"end":{"line":108,"column":74}},"38":{"start":{"line":109,"column":18},"end":{"line":109,"column":64}},"39":{"start":{"line":110,"column":18},"end":{"line":110,"column":37}},"40":{"start":{"line":111,"column":22},"end":{"line":111,"column":66}},"41":{"start":{"line":112,"column":24},"end":{"line":112,"column":26}},"42":{"start":{"line":114,"column":2},"end":{"line":120,"column":3}},"43":{"start":{"line":114,"column":19},"end":{"line":114,"column":20}},"44":{"start":{"line":115,"column":17},"end":{"line":115,"column":50}},"45":{"start":{"line":116,"column":15},"end":{"line":116,"column":52}},"46":{"start":{"line":117,"column":4},"end":{"line":119,"column":5}},"47":{"start":{"line":118,"column":6},"end":{"line":118,"column":31}},"48":{"start":{"line":122,"column":48},"end":{"line":122,"column":57}},"49":{"start":{"line":123,"column":2},"end":{"line":129,"column":3}},"50":{"start":{"line":124,"column":4},"end":{"line":128,"column":5}},"51":{"start":{"line":125,"column":6},"end":{"line":125,"column":46}},"52":{"start":{"line":126,"column":11},"end":{"line":128,"column":5}},"53":{"start":{"line":127,"column":6},"end":{"line":127,"column":36}},"54":{"start":{"line":130,"column":36},"end":{"line":134,"column":10}},"55":{"start":{"line":135,"column":25},"end":{"line":135,"column":68}},"56":{"start":{"line":137,"column":2},"end":{"line":146,"column":4}},"57":{"start":{"line":149,"column":33},"end":{"line":176,"column":1}},"58":{"start":{"line":153,"column":16},"end":{"line":153,"column":27}},"59":{"start":{"line":154,"column":2},"end":{"line":162,"column":3}},"60":{"start":{"line":155,"column":4},"end":{"line":159,"column":5}},"61":{"start":{"line":156,"column":6},"end":{"line":156,"column":30}},"62":{"start":{"line":158,"column":6},"end":{"line":158,"column":20}},"63":{"start":{"line":161,"column":4},"end":{"line":161,"column":18}},"64":{"start":{"line":163,"column":21},"end":{"line":163,"column":72}},"65":{"start":{"line":164,"column":29},"end":{"line":164,"column":41}},"66":{"start":{"line":166,"column":2},"end":{"line":174,"column":3}},"67":{"start":{"line":167,"column":4},"end":{"line":173,"column":5}},"68":{"start":{"line":168,"column":23},"end":{"line":168,"column":83}},"69":{"start":{"line":169,"column":6},"end":{"line":169,"column":27}},"70":{"start":{"line":169,"column":21},"end":{"line":169,"column":27}},"71":{"start":{"line":170,"column":6},"end":{"line":170,"column":33}},"72":{"start":{"line":172,"column":6},"end":{"line":172,"column":12}},"73":{"start":{"line":175,"column":2},"end":{"line":175,"column":18}},"74":{"start":{"line":178,"column":23},"end":{"line":186,"column":1}},"75":{"start":{"line":179,"column":16},"end":{"line":179,"column":27}},"76":{"start":{"line":180,"column":2},"end":{"line":185,"column":3}},"77":{"start":{"line":181,"column":4},"end":{"line":181,"column":22}},"78":{"start":{"line":182,"column":4},"end":{"line":182,"column":19}},"79":{"start":{"line":184,"column":4},"end":{"line":184,"column":16}},"80":{"start":{"line":188,"column":17},"end":{"line":207,"column":1}},"81":{"start":{"line":189,"column":17},"end":{"line":189,"column":28}},"82":{"start":{"line":190,"column":2},"end":{"line":194,"column":3}},"83":{"start":{"line":191,"column":4},"end":{"line":191,"column":26}},"84":{"start":{"line":193,"column":4},"end":{"line":193,"column":16}},"85":{"start":{"line":195,"column":16},"end":{"line":195,"column":32}},"86":{"start":{"line":196,"column":16},"end":{"line":196,"column":27}},"87":{"start":{"line":197,"column":30},"end":{"line":197,"column":43}},"88":{"start":{"line":199,"column":2},"end":{"line":205,"column":3}},"89":{"start":{"line":200,"column":19},"end":{"line":200,"column":53}},"90":{"start":{"line":201,"column":4},"end":{"line":203,"column":5}},"91":{"start":{"line":202,"column":6},"end":{"line":202,"column":12}},"92":{"start":{"line":204,"column":4},"end":{"line":204,"column":32}},"93":{"start":{"line":206,"column":2},"end":{"line":206,"column":19}},"94":{"start":{"line":209,"column":34},"end":{"line":234,"column":1}},"95":{"start":{"line":212,"column":2},"end":{"line":214,"column":3}},"96":{"start":{"line":213,"column":4},"end":{"line":213,"column":43}},"97":{"start":{"line":215,"column":18},"end":{"line":215,"column":30}},"98":{"start":{"line":216,"column":2},"end":{"line":218,"column":3}},"99":{"start":{"line":217,"column":4},"end":{"line":217,"column":43}},"100":{"start":{"line":219,"column":19},"end":{"line":219,"column":39}},"101":{"start":{"line":220,"column":19},"end":{"line":220,"column":65}},"102":{"start":{"line":222,"column":2},"end":{"line":227,"column":3}},"103":{"start":{"line":223,"column":22},"end":{"line":223,"column":45}},"104":{"start":{"line":224,"column":4},"end":{"line":226,"column":5}},"105":{"start":{"line":225,"column":6},"end":{"line":225,"column":38}},"106":{"start":{"line":229,"column":23},"end":{"line":229,"column":40}},"107":{"start":{"line":230,"column":2},"end":{"line":232,"column":3}},"108":{"start":{"line":231,"column":4},"end":{"line":231,"column":39}},"109":{"start":{"line":233,"column":2},"end":{"line":233,"column":80}}},"fnMap":{"0":{"name":"(anonymous_0)","decl":{"start":{"line":18,"column":19},"end":{"line":18,"column":20}},"loc":{"start":{"line":18,"column":64},"end":{"line":28,"column":1}},"line":18},"1":{"name":"(anonymous_1)","decl":{"start":{"line":30,"column":20},"end":{"line":30,"column":21}},"loc":{"start":{"line":30,"column":47},"end":{"line":35,"column":1}},"line":30},"2":{"name":"(anonymous_2)","decl":{"start":{"line":34,"column":19},"end":{"line":34,"column":20}},"loc":{"start":{"line":34,"column":29},"end":{"line":34,"column":54}},"line":34},"3":{"name":"(anonymous_3)","decl":{"start":{"line":37,"column":28},"end":{"line":37,"column":29}},"loc":{"start":{"line":43,"column":14},"end":{"line":101,"column":1}},"line":43},"4":{"name":"(anonymous_4)","decl":{"start":{"line":82,"column":38},"end":{"line":82,"column":39}},"loc":{"start":{"line":82,"column":48},"end":{"line":82,"column":72}},"line":82},"5":{"name":"(anonymous_5)","decl":{"start":{"line":103,"column":34},"end":{"line":103,"column":35}},"loc":{"start":{"line":107,"column":20},"end":{"line":147,"column":1}},"line":107},"6":{"name":"(anonymous_6)","decl":{"start":{"line":149,"column":33},"end":{"line":149,"column":34}},"loc":{"start":{"line":152,"column":15},"end":{"line":176,"column":1}},"line":152},"7":{"name":"(anonymous_7)","decl":{"start":{"line":178,"column":23},"end":{"line":178,"column":24}},"loc":{"start":{"line":178,"column":59},"end":{"line":186,"column":1}},"line":178},"8":{"name":"(anonymous_8)","decl":{"start":{"line":188,"column":17},"end":{"line":188,"column":18}},"loc":{"start":{"line":188,"column":53},"end":{"line":207,"column":1}},"line":188},"9":{"name":"(anonymous_9)","decl":{"start":{"line":209,"column":34},"end":{"line":209,"column":35}},"loc":{"start":{"line":211,"column":50},"end":{"line":234,"column":1}},"line":211}},"branchMap":{"0":{"loc":{"start":{"line":19,"column":2},"end":{"line":21,"column":3}},"type":"if","locations":[{"start":{"line":19,"column":2},"end":{"line":21,"column":3}},{"start":{},"end":{}}],"line":19},"1":{"loc":{"start":{"line":31,"column":2},"end":{"line":33,"column":3}},"type":"if","locations":[{"start":{"line":31,"column":2},"end":{"line":33,"column":3}},{"start":{},"end":{}}],"line":31},"2":{"loc":{"start":{"line":39,"column":2},"end":{"line":39,"column":23}},"type":"default-arg","locations":[{"start":{"line":39,"column":16},"end":{"line":39,"column":23}}],"line":39},"3":{"loc":{"start":{"line":45,"column":2},"end":{"line":53,"column":3}},"type":"if","locations":[{"start":{"line":45,"column":2},"end":{"line":53,"column":3}},{"start":{"line":51,"column":9},"end":{"line":53,"column":3}}],"line":45},"4":{"loc":{"start":{"line":45,"column":6},"end":{"line":45,"column":44}},"type":"binary-expr","locations":[{"start":{"line":45,"column":6},"end":{"line":45,"column":17}},{"start":{"line":45,"column":21},"end":{"line":45,"column":44}}],"line":45},"5":{"loc":{"start":{"line":54,"column":22},"end":{"line":54,"column":62}},"type":"cond-expr","locations":[{"start":{"line":54,"column":45},"end":{"line":54,"column":52}},{"start":{"line":54,"column":55},"end":{"line":54,"column":62}}],"line":54},"6":{"loc":{"start":{"line":55,"column":24},"end":{"line":55,"column":67}},"type":"cond-expr","locations":[{"start":{"line":55,"column":50},"end":{"line":55,"column":57}},{"start":{"line":55,"column":60},"end":{"line":55,"column":67}}],"line":55},"7":{"loc":{"start":{"line":65,"column":21},"end":{"line":65,"column":32}},"type":"binary-expr","locations":[{"start":{"line":65,"column":21},"end":{"line":65,"column":26}},{"start":{"line":65,"column":30},"end":{"line":65,"column":32}}],"line":65},"8":{"loc":{"start":{"line":68,"column":6},"end":{"line":68,"column":29}},"type":"if","locations":[{"start":{"line":68,"column":6},"end":{"line":68,"column":29}},{"start":{},"end":{}}],"line":68},"9":{"loc":{"start":{"line":70,"column":19},"end":{"line":70,"column":63}},"type":"binary-expr","locations":[{"start":{"line":70,"column":19},"end":{"line":70,"column":47}},{"start":{"line":70,"column":51},"end":{"line":70,"column":63}}],"line":70},"10":{"loc":{"start":{"line":71,"column":19},"end":{"line":71,"column":58}},"type":"binary-expr","locations":[{"start":{"line":71,"column":19},"end":{"line":71,"column":47}},{"start":{"line":71,"column":51},"end":{"line":71,"column":58}}],"line":71},"11":{"loc":{"start":{"line":74,"column":13},"end":{"line":74,"column":55}},"type":"binary-expr","locations":[{"start":{"line":74,"column":13},"end":{"line":74,"column":27}},{"start":{"line":74,"column":31},"end":{"line":74,"column":55}}],"line":74},"12":{"loc":{"start":{"line":75,"column":20},"end":{"line":75,"column":42}},"type":"binary-expr","locations":[{"start":{"line":75,"column":20},"end":{"line":75,"column":36}},{"start":{"line":75,"column":40},"end":{"line":75,"column":42}}],"line":75},"13":{"loc":{"start":{"line":82,"column":20},"end":{"line":82,"column":93}},"type":"binary-expr","locations":[{"start":{"line":82,"column":20},"end":{"line":82,"column":83}},{"start":{"line":82,"column":87},"end":{"line":82,"column":93}}],"line":82},"14":{"loc":{"start":{"line":82,"column":21},"end":{"line":82,"column":32}},"type":"binary-expr","locations":[{"start":{"line":82,"column":21},"end":{"line":82,"column":26}},{"start":{"line":82,"column":30},"end":{"line":82,"column":32}}],"line":82},"15":{"loc":{"start":{"line":84,"column":19},"end":{"line":86,"column":82}},"type":"cond-expr","locations":[{"start":{"line":85,"column":6},"end":{"line":85,"column":159}},{"start":{"line":86,"column":6},"end":{"line":86,"column":82}}],"line":84},"16":{"loc":{"start":{"line":87,"column":21},"end":{"line":89,"column":91}},"type":"cond-expr","locations":[{"start":{"line":88,"column":6},"end":{"line":88,"column":131}},{"start":{"line":89,"column":6},"end":{"line":89,"column":91}}],"line":87},"17":{"loc":{"start":{"line":90,"column":23},"end":{"line":92,"column":88}},"type":"cond-expr","locations":[{"start":{"line":91,"column":6},"end":{"line":91,"column":121}},{"start":{"line":92,"column":6},"end":{"line":92,"column":88}}],"line":90},"18":{"loc":{"start":{"line":105,"column":2},"end":{"line":105,"column":26}},"type":"default-arg","locations":[{"start":{"line":105,"column":25},"end":{"line":105,"column":26}}],"line":105},"19":{"loc":{"start":{"line":106,"column":2},"end":{"line":106,"column":31}},"type":"default-arg","locations":[{"start":{"line":106,"column":24},"end":{"line":106,"column":31}}],"line":106},"20":{"loc":{"start":{"line":108,"column":16},"end":{"line":108,"column":74}},"type":"cond-expr","locations":[{"start":{"line":108,"column":41},"end":{"line":108,"column":58}},{"start":{"line":108,"column":61},"end":{"line":108,"column":74}}],"line":108},"21":{"loc":{"start":{"line":108,"column":61},"end":{"line":108,"column":74}},"type":"binary-expr","locations":[{"start":{"line":108,"column":61},"end":{"line":108,"column":68}},{"start":{"line":108,"column":72},"end":{"line":108,"column":74}}],"line":108},"22":{"loc":{"start":{"line":109,"column":19},"end":{"line":109,"column":56}},"type":"binary-expr","locations":[{"start":{"line":109,"column":19},"end":{"line":109,"column":28}},{"start":{"line":109,"column":32},"end":{"line":109,"column":41}},{"start":{"line":109,"column":45},"end":{"line":109,"column":50}},{"start":{"line":109,"column":54},"end":{"line":109,"column":56}}],"line":109},"23":{"loc":{"start":{"line":111,"column":22},"end":{"line":111,"column":66}},"type":"binary-expr","locations":[{"start":{"line":111,"column":22},"end":{"line":111,"column":60}},{"start":{"line":111,"column":64},"end":{"line":111,"column":66}}],"line":111},"24":{"loc":{"start":{"line":111,"column":23},"end":{"line":111,"column":36}},"type":"binary-expr","locations":[{"start":{"line":111,"column":23},"end":{"line":111,"column":30}},{"start":{"line":111,"column":34},"end":{"line":111,"column":36}}],"line":111},"25":{"loc":{"start":{"line":117,"column":4},"end":{"line":119,"column":5}},"type":"if","locations":[{"start":{"line":117,"column":4},"end":{"line":119,"column":5}},{"start":{},"end":{}}],"line":117},"26":{"loc":{"start":{"line":117,"column":8},"end":{"line":117,"column":18}},"type":"binary-expr","locations":[{"start":{"line":117,"column":8},"end":{"line":117,"column":12}},{"start":{"line":117,"column":16},"end":{"line":117,"column":18}}],"line":117},"27":{"loc":{"start":{"line":123,"column":2},"end":{"line":129,"column":3}},"type":"if","locations":[{"start":{"line":123,"column":2},"end":{"line":129,"column":3}},{"start":{},"end":{}}],"line":123},"28":{"loc":{"start":{"line":124,"column":4},"end":{"line":128,"column":5}},"type":"if","locations":[{"start":{"line":124,"column":4},"end":{"line":128,"column":5}},{"start":{"line":126,"column":11},"end":{"line":128,"column":5}}],"line":124},"29":{"loc":{"start":{"line":124,"column":8},"end":{"line":124,"column":83}},"type":"binary-expr","locations":[{"start":{"line":124,"column":8},"end":{"line":124,"column":28}},{"start":{"line":124,"column":32},"end":{"line":124,"column":58}},{"start":{"line":124,"column":62},"end":{"line":124,"column":83}}],"line":124},"30":{"loc":{"start":{"line":126,"column":11},"end":{"line":128,"column":5}},"type":"if","locations":[{"start":{"line":126,"column":11},"end":{"line":128,"column":5}},{"start":{},"end":{}}],"line":126},"31":{"loc":{"start":{"line":126,"column":15},"end":{"line":126,"column":70}},"type":"binary-expr","locations":[{"start":{"line":126,"column":15},"end":{"line":126,"column":36}},{"start":{"line":126,"column":40},"end":{"line":126,"column":70}}],"line":126},"32":{"loc":{"start":{"line":130,"column":36},"end":{"line":134,"column":10}},"type":"cond-expr","locations":[{"start":{"line":131,"column":6},"end":{"line":131,"column":16}},{"start":{"line":132,"column":6},"end":{"line":134,"column":10}}],"line":130},"33":{"loc":{"start":{"line":132,"column":6},"end":{"line":134,"column":10}},"type":"cond-expr","locations":[{"start":{"line":133,"column":6},"end":{"line":133,"column":24}},{"start":{"line":134,"column":6},"end":{"line":134,"column":10}}],"line":132},"34":{"loc":{"start":{"line":138,"column":8},"end":{"line":138,"column":51}},"type":"binary-expr","locations":[{"start":{"line":138,"column":8},"end":{"line":138,"column":15}},{"start":{"line":138,"column":19},"end":{"line":138,"column":51}}],"line":138},"35":{"loc":{"start":{"line":139,"column":10},"end":{"line":139,"column":35}},"type":"binary-expr","locations":[{"start":{"line":139,"column":10},"end":{"line":139,"column":19}},{"start":{"line":139,"column":23},"end":{"line":139,"column":35}}],"line":139},"36":{"loc":{"start":{"line":140,"column":13},"end":{"line":140,"column":44}},"type":"binary-expr","locations":[{"start":{"line":140,"column":13},"end":{"line":140,"column":20}},{"start":{"line":140,"column":24},"end":{"line":140,"column":31}},{"start":{"line":140,"column":35},"end":{"line":140,"column":44}}],"line":140},"37":{"loc":{"start":{"line":141,"column":15},"end":{"line":141,"column":35}},"type":"binary-expr","locations":[{"start":{"line":141,"column":15},"end":{"line":141,"column":22}},{"start":{"line":141,"column":26},"end":{"line":141,"column":35}}],"line":141},"38":{"loc":{"start":{"line":151,"column":2},"end":{"line":151,"column":31}},"type":"default-arg","locations":[{"start":{"line":151,"column":24},"end":{"line":151,"column":31}}],"line":151},"39":{"loc":{"start":{"line":154,"column":2},"end":{"line":162,"column":3}},"type":"if","locations":[{"start":{"line":154,"column":2},"end":{"line":162,"column":3}},{"start":{"line":160,"column":9},"end":{"line":162,"column":3}}],"line":154},"40":{"loc":{"start":{"line":154,"column":6},"end":{"line":154,"column":44}},"type":"binary-expr","locations":[{"start":{"line":154,"column":6},"end":{"line":154,"column":17}},{"start":{"line":154,"column":21},"end":{"line":154,"column":44}}],"line":154},"41":{"loc":{"start":{"line":163,"column":21},"end":{"line":163,"column":72}},"type":"cond-expr","locations":[{"start":{"line":163,"column":47},"end":{"line":163,"column":58}},{"start":{"line":163,"column":61},"end":{"line":163,"column":72}}],"line":163},"42":{"loc":{"start":{"line":166,"column":21},"end":{"line":166,"column":32}},"type":"binary-expr","locations":[{"start":{"line":166,"column":21},"end":{"line":166,"column":26}},{"start":{"line":166,"column":30},"end":{"line":166,"column":32}}],"line":166},"43":{"loc":{"start":{"line":169,"column":6},"end":{"line":169,"column":27}},"type":"if","locations":[{"start":{"line":169,"column":6},"end":{"line":169,"column":27}},{"start":{},"end":{}}],"line":169},"44":{"loc":{"start":{"line":201,"column":4},"end":{"line":203,"column":5}},"type":"if","locations":[{"start":{"line":201,"column":4},"end":{"line":203,"column":5}},{"start":{},"end":{}}],"line":201},"45":{"loc":{"start":{"line":212,"column":2},"end":{"line":214,"column":3}},"type":"if","locations":[{"start":{"line":212,"column":2},"end":{"line":214,"column":3}},{"start":{},"end":{}}],"line":212},"46":{"loc":{"start":{"line":216,"column":2},"end":{"line":218,"column":3}},"type":"if","locations":[{"start":{"line":216,"column":2},"end":{"line":218,"column":3}},{"start":{},"end":{}}],"line":216},"47":{"loc":{"start":{"line":220,"column":19},"end":{"line":220,"column":65}},"type":"binary-expr","locations":[{"start":{"line":220,"column":19},"end":{"line":220,"column":40}},{"start":{"line":220,"column":44},"end":{"line":220,"column":65}}],"line":220},"48":{"loc":{"start":{"line":222,"column":2},"end":{"line":227,"column":3}},"type":"if","locations":[{"start":{"line":222,"column":2},"end":{"line":227,"column":3}},{"start":{},"end":{}}],"line":222},"49":{"loc":{"start":{"line":224,"column":4},"end":{"line":226,"column":5}},"type":"if","locations":[{"start":{"line":224,"column":4},"end":{"line":226,"column":5}},{"start":{},"end":{}}],"line":224},"50":{"loc":{"start":{"line":230,"column":2},"end":{"line":232,"column":3}},"type":"if","locations":[{"start":{"line":230,"column":2},"end":{"line":232,"column":3}},{"start":{},"end":{}}],"line":230}},"s":{"0":1,"1":1,"2":1,"3":1,"4":11,"5":1,"6":10,"7":1,"8":11,"9":1,"10":10,"11":14,"12":1,"13":11,"14":11,"15":10,"16":10,"17":0,"18":1,"19":11,"20":11,"21":11,"22":11,"23":14,"24":14,"25":14,"26":0,"27":14,"28":0,"29":11,"30":14,"31":11,"32":11,"33":11,"34":11,"35":11,"36":1,"37":11,"38":11,"39":11,"40":11,"41":11,"42":11,"43":11,"44":14,"45":14,"46":14,"47":14,"48":11,"49":11,"50":3,"51":1,"52":2,"53":1,"54":11,"55":11,"56":11,"57":1,"58":7,"59":7,"60":5,"61":5,"62":1,"63":2,"64":7,"65":7,"66":7,"67":8,"68":8,"69":7,"70":0,"71":7,"72":1,"73":7,"74":1,"75":1,"76":1,"77":1,"78":1,"79":0,"80":1,"81":4,"82":4,"83":4,"84":2,"85":2,"86":2,"87":2,"88":2,"89":5,"90":5,"91":0,"92":5,"93":2,"94":1,"95":7,"96":1,"97":6,"98":6,"99":1,"100":5,"101":5,"102":5,"103":1,"104":1,"105":1,"106":4,"107":4,"108":2,"109":2},"f":{"0":11,"1":11,"2":14,"3":11,"4":14,"5":11,"6":7,"7":1,"8":4,"9":7},"b":{"0":[1,10],"1":[1,10],"2":[0],"3":[10,1],"4":[11,11],"5":[11,0],"6":[11,0],"7":[11,0],"8":[0,14],"9":[14,0],"10":[14,0],"11":[14,0],"12":[14,0],"13":[11,1],"14":[11,0],"15":[10,1],"16":[10,1],"17":[10,1],"18":[0],"19":[1],"20":[0,11],"21":[11,2],"22":[11,10,10,1],"23":[11,1],"24":[11,1],"25":[14,0],"26":[14,14],"27":[3,8],"28":[1,2],"29":[3,2,1],"30":[1,1],"31":[2,1],"32":[1,10],"33":[1,9],"34":[11,10],"35":[11,2],"36":[11,1,1],"37":[11,1],"38":[0],"39":[5,2],"40":[7,7],"41":[2,5],"42":[7,0],"43":[0,7],"44":[0,5],"45":[1,6],"46":[1,5],"47":[5,2],"48":[1,4],"49":[1,0],"50":[2,2]},"_coverageSchema":"1a1c01bbd47fc00a2c39e90264f33305004495a9","hash":"54f8167c6f541e3c716663e614023ae6ca557a37"}
,"D:\\Projects\\chess-to-me\\src\\utils\\chessTools.ts": {"path":"D:\\Projects\\chess-to-me\\src\\utils\\chessTools.ts","statementMap":{"0":{"start":{"line":13,"column":34},"end":{"line":113,"column":1}},"1":{"start":{"line":116,"column":39},"end":{"line":116,"column":47}},"2":{"start":{"line":118,"column":2},"end":{"line":188,"column":3}},"3":{"start":{"line":119,"column":4},"end":{"line":185,"column":5}},"4":{"start":{"line":121,"column":22},"end":{"line":121,"column":71}},"5":{"start":{"line":122,"column":24},"end":{"line":122,"column":59}},"6":{"start":{"line":122,"column":42},"end":{"line":122,"column":58}},"7":{"start":{"line":123,"column":8},"end":{"line":123,"column":80}},"8":{"start":{"line":127,"column":22},"end":{"line":127,"column":52}},"9":{"start":{"line":128,"column":8},"end":{"line":131,"column":11}},"10":{"start":{"line":130,"column":47},"end":{"line":130,"column":76}},"11":{"start":{"line":135,"column":8},"end":{"line":135,"column":52}},"12":{"start":{"line":139,"column":8},"end":{"line":139,"column":56}},"13":{"start":{"line":143,"column":22},"end":{"line":143,"column":71}},"14":{"start":{"line":144,"column":21},"end":{"line":144,"column":111}},"15":{"start":{"line":144,"column":39},"end":{"line":144,"column":110}},"16":{"start":{"line":145,"column":8},"end":{"line":145,"column":98}},"17":{"start":{"line":149,"column":22},"end":{"line":149,"column":44}},"18":{"start":{"line":150,"column":8},"end":{"line":155,"column":11}},"19":{"start":{"line":159,"column":8},"end":{"line":159,"column":60}},"20":{"start":{"line":163,"column":8},"end":{"line":163,"column":68}},"21":{"start":{"line":167,"column":8},"end":{"line":167,"column":68}},"22":{"start":{"line":171,"column":23},"end":{"line":179,"column":9}},"23":{"start":{"line":180,"column":8},"end":{"line":180,"column":38}},"24":{"start":{"line":184,"column":8},"end":{"line":184,"column":74}},"25":{"start":{"line":187,"column":4},"end":{"line":187,"column":61}},"26":{"start":{"line":192,"column":2},"end":{"line":206,"column":2}},"27":{"start":{"line":198,"column":12},"end":{"line":202,"column":1}}},"fnMap":{"0":{"name":"executeChessTool","decl":{"start":{"line":115,"column":16},"end":{"line":115,"column":32}},"loc":{"start":{"line":115,"column":80},"end":{"line":189,"column":1}},"line":115},"1":{"name":"(anonymous_1)","decl":{"start":{"line":122,"column":35},"end":{"line":122,"column":36}},"loc":{"start":{"line":122,"column":42},"end":{"line":122,"column":58}},"line":122},"2":{"name":"(anonymous_2)","decl":{"start":{"line":130,"column":40},"end":{"line":130,"column":41}},"loc":{"start":{"line":130,"column":47},"end":{"line":130,"column":76}},"line":130},"3":{"name":"(anonymous_3)","decl":{"start":{"line":144,"column":32},"end":{"line":144,"column":33}},"loc":{"start":{"line":144,"column":39},"end":{"line":144,"column":110}},"line":144},"4":{"name":"formatToolsForPrompt","decl":{"start":{"line":191,"column":16},"end":{"line":191,"column":36}},"loc":{"start":{"line":191,"column":47},"end":{"line":207,"column":1}},"line":191},"5":{"name":"(anonymous_5)","decl":{"start":{"line":198,"column":2},"end":{"line":198,"column":3}},"loc":{"start":{"line":198,"column":12},"end":{"line":202,"column":1}},"line":198}},"branchMap":{"0":{"loc":{"start":{"line":119,"column":4},"end":{"line":185,"column":5}},"type":"switch","locations":[{"start":{"line":120,"column":6},"end":{"line":124,"column":7}},{"start":{"line":126,"column":6},"end":{"line":132,"column":7}},{"start":{"line":134,"column":6},"end":{"line":136,"column":7}},{"start":{"line":138,"column":6},"end":{"line":140,"column":7}},{"start":{"line":142,"column":6},"end":{"line":146,"column":7}},{"start":{"line":148,"column":6},"end":{"line":156,"column":7}},{"start":{"line":158,"column":6},"end":{"line":160,"column":7}},{"start":{"line":162,"column":6},"end":{"line":164,"column":7}},{"start":{"line":166,"column":6},"end":{"line":168,"column":7}},{"start":{"line":170,"column":6},"end":{"line":181,"column":7}},{"start":{"line":183,"column":6},"end":{"line":184,"column":74}}],"line":119},"1":{"loc":{"start":{"line":144,"column":39},"end":{"line":144,"column":110}},"type":"binary-expr","locations":[{"start":{"line":144,"column":39},"end":{"line":144,"column":55}},{"start":{"line":144,"column":60},"end":{"line":144,"column":75}},{"start":{"line":144,"column":79},"end":{"line":144,"column":109}}],"line":144},"2":{"loc":{"start":{"line":145,"column":37},"end":{"line":145,"column":64}},"type":"binary-expr","locations":[{"start":{"line":145,"column":37},"end":{"line":145,"column":46}},{"start":{"line":145,"column":50},"end":{"line":145,"column":64}}],"line":145},"3":{"loc":{"start":{"line":152,"column":17},"end":{"line":152,"column":107}},"type":"cond-expr","locations":[{"start":{"line":152,"column":25},"end":{"line":152,"column":97}},{"start":{"line":152,"column":100},"end":{"line":152,"column":107}}],"line":152},"4":{"loc":{"start":{"line":152,"column":28},"end":{"line":152,"column":67}},"type":"cond-expr","locations":[{"start":{"line":152,"column":50},"end":{"line":152,"column":57}},{"start":{"line":152,"column":60},"end":{"line":152,"column":67}}],"line":152},"5":{"loc":{"start":{"line":172,"column":16},"end":{"line":172,"column":56}},"type":"cond-expr","locations":[{"start":{"line":172,"column":39},"end":{"line":172,"column":46}},{"start":{"line":172,"column":49},"end":{"line":172,"column":56}}],"line":172}},"s":{"0":1,"1":15,"2":15,"3":15,"4":2,"5":2,"6":4,"7":2,"8":1,"9":1,"10":20,"11":1,"12":1,"13":2,"14":2,"15":4,"16":2,"17":2,"18":2,"19":1,"20":2,"21":1,"22":1,"23":1,"24":1,"25":0,"26":2,"27":20},"f":{"0":15,"1":4,"2":20,"3":4,"4":2,"5":20},"b":{"0":[2,1,1,1,2,2,1,2,1,1,1],"1":[4,1,0],"2":[2,1],"3":[1,1],"4":[1,0],"5":[1,0]},"_coverageSchema":"1a1c01bbd47fc00a2c39e90264f33305004495a9","hash":"b6bcbb7eba21b90ee8ceb18c9b35e4a9328440c2"}
,"D:\\Projects\\chess-to-me\\src\\utils\\conversationMemory.ts": {"path":"D:\\Projects\\chess-to-me\\src\\utils\\conversationMemory.ts","statementMap":{"0":{"start":{"line":3,"column":20},"end":{"line":3,"column":54}},"1":{"start":{"line":4,"column":26},"end":{"line":4,"column":28}},"2":{"start":{"line":10,"column":2},"end":{"line":27,"column":3}},"3":{"start":{"line":11,"column":4},"end":{"line":13,"column":5}},"4":{"start":{"line":12,"column":6},"end":{"line":12,"column":16}},"5":{"start":{"line":16,"column":4},"end":{"line":21,"column":5}},"6":{"start":{"line":17,"column":21},"end":{"line":17,"column":54}},"7":{"start":{"line":18,"column":6},"end":{"line":20,"column":7}},"8":{"start":{"line":19,"column":8},"end":{"line":19,"column":34}},"9":{"start":{"line":23,"column":4},"end":{"line":23,"column":14}},"10":{"start":{"line":25,"column":4},"end":{"line":25,"column":65}},"11":{"start":{"line":26,"column":4},"end":{"line":26,"column":14}},"12":{"start":{"line":34,"column":2},"end":{"line":43,"column":3}},"13":{"start":{"line":36,"column":19},"end":{"line":36,"column":52}},"14":{"start":{"line":38,"column":4},"end":{"line":40,"column":5}},"15":{"start":{"line":39,"column":6},"end":{"line":39,"column":64}},"16":{"start":{"line":42,"column":4},"end":{"line":42,"column":65}},"17":{"start":{"line":54,"column":14},"end":{"line":54,"column":24}},"18":{"start":{"line":56,"column":18},"end":{"line":68,"column":3}},"19":{"start":{"line":71,"column":2},"end":{"line":71,"column":47}},"20":{"start":{"line":78,"column":2},"end":{"line":80,"column":3}},"21":{"start":{"line":79,"column":4},"end":{"line":79,"column":14}},"22":{"start":{"line":82,"column":2},"end":{"line":87,"column":18}},"23":{"start":{"line":84,"column":24},"end":{"line":84,"column":66}},"24":{"start":{"line":85,"column":6},"end":{"line":85,"column":44}},"25":{"start":{"line":94,"column":2},"end":{"line":100,"column":3}},"26":{"start":{"line":95,"column":4},"end":{"line":97,"column":5}},"27":{"start":{"line":96,"column":6},"end":{"line":96,"column":43}},"28":{"start":{"line":99,"column":4},"end":{"line":99,"column":66}},"29":{"start":{"line":107,"column":2},"end":{"line":107,"column":40}}},"fnMap":{"0":{"name":"loadConversationHistory","decl":{"start":{"line":9,"column":22},"end":{"line":9,"column":45}},"loc":{"start":{"line":9,"column":80},"end":{"line":28,"column":1}},"line":9},"1":{"name":"saveConversationHistory","decl":{"start":{"line":33,"column":22},"end":{"line":33,"column":45}},"loc":{"start":{"line":33,"column":93},"end":{"line":44,"column":1}},"line":33},"2":{"name":"addToConversationHistory","decl":{"start":{"line":49,"column":16},"end":{"line":49,"column":40}},"loc":{"start":{"line":53,"column":25},"end":{"line":72,"column":1}},"line":53},"3":{"name":"formatConversationForContext","decl":{"start":{"line":77,"column":16},"end":{"line":77,"column":44}},"loc":{"start":{"line":77,"column":85},"end":{"line":88,"column":1}},"line":77},"4":{"name":"(anonymous_4)","decl":{"start":{"line":83,"column":9},"end":{"line":83,"column":10}},"loc":{"start":{"line":83,"column":18},"end":{"line":86,"column":5}},"line":83},"5":{"name":"clearConversationHistory","decl":{"start":{"line":93,"column":22},"end":{"line":93,"column":46}},"loc":{"start":{"line":93,"column":64},"end":{"line":101,"column":1}},"line":93},"6":{"name":"getConversationCount","decl":{"start":{"line":106,"column":16},"end":{"line":106,"column":36}},"loc":{"start":{"line":106,"column":77},"end":{"line":108,"column":1}},"line":106}},"branchMap":{"0":{"loc":{"start":{"line":11,"column":4},"end":{"line":13,"column":5}},"type":"if","locations":[{"start":{"line":11,"column":4},"end":{"line":13,"column":5}},{"start":{},"end":{}}],"line":11},"1":{"loc":{"start":{"line":11,"column":8},"end":{"line":11,"column":60}},"type":"binary-expr","locations":[{"start":{"line":11,"column":8},"end":{"line":11,"column":37}},{"start":{"line":11,"column":41},"end":{"line":11,"column":60}}],"line":11},"2":{"loc":{"start":{"line":16,"column":4},"end":{"line":21,"column":5}},"type":"if","locations":[{"start":{"line":16,"column":4},"end":{"line":21,"column":5}},{"start":{},"end":{}}],"line":16},"3":{"loc":{"start":{"line":18,"column":6},"end":{"line":20,"column":7}},"type":"if","locations":[{"start":{"line":18,"column":6},"end":{"line":20,"column":7}},{"start":{},"end":{}}],"line":18},"4":{"loc":{"start":{"line":38,"column":4},"end":{"line":40,"column":5}},"type":"if","locations":[{"start":{"line":38,"column":4},"end":{"line":40,"column":5}},{"start":{},"end":{}}],"line":38},"5":{"loc":{"start":{"line":78,"column":2},"end":{"line":80,"column":3}},"type":"if","locations":[{"start":{"line":78,"column":2},"end":{"line":80,"column":3}},{"start":{},"end":{}}],"line":78},"6":{"loc":{"start":{"line":84,"column":24},"end":{"line":84,"column":66}},"type":"cond-expr","locations":[{"start":{"line":84,"column":46},"end":{"line":84,"column":52}},{"start":{"line":84,"column":55},"end":{"line":84,"column":66}}],"line":84},"7":{"loc":{"start":{"line":95,"column":4},"end":{"line":97,"column":5}},"type":"if","locations":[{"start":{"line":95,"column":4},"end":{"line":97,"column":5}},{"start":{},"end":{}}],"line":95}},"s":{"0":1,"1":1,"2":3,"3":3,"4":1,"5":2,"6":2,"7":2,"8":1,"9":1,"10":0,"11":0,"12":2,"13":2,"14":2,"15":2,"16":0,"17":15,"18":15,"19":15,"20":4,"21":1,"22":3,"23":4,"24":4,"25":1,"26":1,"27":1,"28":0,"29":4},"f":{"0":3,"1":2,"2":15,"3":4,"4":4,"5":1,"6":4},"b":{"0":[1,2],"1":[3,3],"2":[2,0],"3":[1,1],"4":[2,0],"5":[1,3],"6":[2,2],"7":[1,0]},"_coverageSchema":"1a1c01bbd47fc00a2c39e90264f33305004495a9","hash":"7a1e7bcb5e07766d39ee2a281bfbf3f492d8860b"}
,"D:\\Projects\\chess-to-me\\src\\utils\\engineDiscovery.ts": {"path":"D:\\Projects\\chess-to-me\\src\\utils\\engineDiscovery.ts","statementMap":{"0":{"start":{"line":5,"column":2},"end":{"line":5,"column":67}},"1":{"start":{"line":9,"column":22},"end":{"line":9,"column":30}},"2":{"start":{"line":10,"column":2},"end":{"line":13,"column":3}},"3":{"start":{"line":11,"column":4},"end":{"line":11,"column":53}},"4":{"start":{"line":12,"column":4},"end":{"line":12,"column":42}},"5":{"start":{"line":15,"column":2},"end":{"line":24,"column":3}},"6":{"start":{"line":16,"column":19},"end":{"line":16,"column":54}},"7":{"start":{"line":17,"column":4},"end":{"line":20,"column":6}},"8":{"start":{"line":22,"column":4},"end":{"line":22,"column":98}},"9":{"start":{"line":23,"column":4},"end":{"line":23,"column":42}},"10":{"start":{"line":28,"column":22},"end":{"line":28,"column":30}},"11":{"start":{"line":29,"column":2},"end":{"line":31,"column":3}},"12":{"start":{"line":30,"column":4},"end":{"line":30,"column":16}},"13":{"start":{"line":33,"column":2},"end":{"line":39,"column":3}},"14":{"start":{"line":34,"column":19},"end":{"line":34,"column":73}},"15":{"start":{"line":35,"column":4},"end":{"line":35,"column":32}},"16":{"start":{"line":37,"column":4},"end":{"line":37,"column":108}},"17":{"start":{"line":38,"column":4},"end":{"line":38,"column":16}},"18":{"start":{"line":43,"column":22},"end":{"line":43,"column":30}},"19":{"start":{"line":44,"column":2},"end":{"line":46,"column":3}},"20":{"start":{"line":45,"column":4},"end":{"line":45,"column":17}},"21":{"start":{"line":48,"column":2},"end":{"line":54,"column":3}},"22":{"start":{"line":49,"column":19},"end":{"line":49,"column":81}},"23":{"start":{"line":50,"column":4},"end":{"line":50,"column":34}},"24":{"start":{"line":52,"column":4},"end":{"line":52,"column":120}},"25":{"start":{"line":53,"column":4},"end":{"line":53,"column":17}},"26":{"start":{"line":58,"column":2},"end":{"line":60,"column":3}},"27":{"start":{"line":59,"column":4},"end":{"line":59,"column":17}},"28":{"start":{"line":61,"column":2},"end":{"line":63,"column":3}},"29":{"start":{"line":62,"column":4},"end":{"line":62,"column":23}},"30":{"start":{"line":64,"column":2},"end":{"line":64,"column":14}},"31":{"start":{"line":68,"column":34},"end":{"line":68,"column":36}},"32":{"start":{"line":69,"column":2},"end":{"line":75,"column":3}},"33":{"start":{"line":70,"column":4},"end":{"line":74,"column":7}},"34":{"start":{"line":76,"column":2},"end":{"line":82,"column":3}},"35":{"start":{"line":77,"column":4},"end":{"line":81,"column":7}},"36":{"start":{"line":83,"column":2},"end":{"line":83,"column":19}}},"fnMap":{"0":{"name":"getAPI","decl":{"start":{"line":4,"column":9},"end":{"line":4,"column":15}},"loc":{"start":{"line":4,"column":18},"end":{"line":6,"column":1}},"line":4},"1":{"name":"discoverEngines","decl":{"start":{"line":8,"column":22},"end":{"line":8,"column":37}},"loc":{"start":{"line":8,"column":99},"end":{"line":25,"column":1}},"line":8},"2":{"name":"detectEngine","decl":{"start":{"line":27,"column":22},"end":{"line":27,"column":34}},"loc":{"start":{"line":27,"column":79},"end":{"line":40,"column":1}},"line":27},"3":{"name":"validateEnginePath","decl":{"start":{"line":42,"column":22},"end":{"line":42,"column":40}},"loc":{"start":{"line":42,"column":93},"end":{"line":55,"column":1}},"line":42},"4":{"name":"getDefaultEngine","decl":{"start":{"line":57,"column":16},"end":{"line":57,"column":32}},"loc":{"start":{"line":57,"column":117},"end":{"line":65,"column":1}},"line":57},"5":{"name":"getAvailableEngines","decl":{"start":{"line":67,"column":16},"end":{"line":67,"column":35}},"loc":{"start":{"line":67,"column":119},"end":{"line":84,"column":1}},"line":67}},"branchMap":{"0":{"loc":{"start":{"line":5,"column":9},"end":{"line":5,"column":66}},"type":"cond-expr","locations":[{"start":{"line":5,"column":41},"end":{"line":5,"column":59}},{"start":{"line":5,"column":62},"end":{"line":5,"column":66}}],"line":5},"1":{"loc":{"start":{"line":10,"column":2},"end":{"line":13,"column":3}},"type":"if","locations":[{"start":{"line":10,"column":2},"end":{"line":13,"column":3}},{"start":{},"end":{}}],"line":10},"2":{"loc":{"start":{"line":18,"column":17},"end":{"line":18,"column":42}},"type":"binary-expr","locations":[{"start":{"line":18,"column":17},"end":{"line":18,"column":34}},{"start":{"line":18,"column":38},"end":{"line":18,"column":42}}],"line":18},"3":{"loc":{"start":{"line":19,"column":11},"end":{"line":19,"column":30}},"type":"binary-expr","locations":[{"start":{"line":19,"column":11},"end":{"line":19,"column":22}},{"start":{"line":19,"column":26},"end":{"line":19,"column":30}}],"line":19},"4":{"loc":{"start":{"line":22,"column":46},"end":{"line":22,"column":94}},"type":"cond-expr","locations":[{"start":{"line":22,"column":69},"end":{"line":22,"column":80}},{"start":{"line":22,"column":83},"end":{"line":22,"column":94}}],"line":22},"5":{"loc":{"start":{"line":29,"column":2},"end":{"line":31,"column":3}},"type":"if","locations":[{"start":{"line":29,"column":2},"end":{"line":31,"column":3}},{"start":{},"end":{}}],"line":29},"6":{"loc":{"start":{"line":35,"column":11},"end":{"line":35,"column":31}},"type":"binary-expr","locations":[{"start":{"line":35,"column":11},"end":{"line":35,"column":23}},{"start":{"line":35,"column":27},"end":{"line":35,"column":31}}],"line":35},"7":{"loc":{"start":{"line":37,"column":56},"end":{"line":37,"column":104}},"type":"cond-expr","locations":[{"start":{"line":37,"column":79},"end":{"line":37,"column":90}},{"start":{"line":37,"column":93},"end":{"line":37,"column":104}}],"line":37},"8":{"loc":{"start":{"line":44,"column":2},"end":{"line":46,"column":3}},"type":"if","locations":[{"start":{"line":44,"column":2},"end":{"line":46,"column":3}},{"start":{},"end":{}}],"line":44},"9":{"loc":{"start":{"line":52,"column":68},"end":{"line":52,"column":116}},"type":"cond-expr","locations":[{"start":{"line":52,"column":91},"end":{"line":52,"column":102}},{"start":{"line":52,"column":105},"end":{"line":52,"column":116}}],"line":52},"10":{"loc":{"start":{"line":58,"column":2},"end":{"line":60,"column":3}},"type":"if","locations":[{"start":{"line":58,"column":2},"end":{"line":60,"column":3}},{"start":{},"end":{}}],"line":58},"11":{"loc":{"start":{"line":61,"column":2},"end":{"line":63,"column":3}},"type":"if","locations":[{"start":{"line":61,"column":2},"end":{"line":63,"column":3}},{"start":{},"end":{}}],"line":61},"12":{"loc":{"start":{"line":69,"column":2},"end":{"line":75,"column":3}},"type":"if","locations":[{"start":{"line":69,"column":2},"end":{"line":75,"column":3}},{"start":{},"end":{}}],"line":69},"13":{"loc":{"start":{"line":76,"column":2},"end":{"line":82,"column":3}},"type":"if","locations":[{"start":{"line":76,"column":2},"end":{"line":82,"column":3}},{"start":{},"end":{}}],"line":76}},"s":{"0":17,"1":7,"2":7,"3":1,"4":1,"5":6,"6":6,"7":5,"8":1,"9":1,"10":5,"11":5,"12":1,"13":4,"14":4,"15":3,"16":1,"17":1,"18":5,"19":5,"20":1,"21":4,"22":4,"23":3,"24":1,"25":1,"26":6,"27":2,"28":4,"29":1,"30":3,"31":6,"32":6,"33":2,"34":6,"35":2,"36":6},"f":{"0":17,"1":7,"2":5,"3":5,"4":6,"5":6},"b":{"0":[17,0],"1":[1,6],"2":[5,2],"3":[5,3],"4":[1,0],"5":[1,4],"6":[3,1],"7":[1,0],"8":[1,4],"9":[1,0],"10":[2,4],"11":[1,3],"12":[2,4],"13":[2,4]},"_coverageSchema":"1a1c01bbd47fc00a2c39e90264f33305004495a9","hash":"8c19dbb0184582f6f480233f62acb117b20c5207"}
,"D:\\Projects\\chess-to-me\\src\\utils\\gameMemory.ts": {"path":"D:\\Projects\\chess-to-me\\src\\utils\\gameMemory.ts","statementMap":{"0":{"start":{"line":3,"column":20},"end":{"line":3,"column":45}},"1":{"start":{"line":9,"column":2},"end":{"line":20,"column":3}},"2":{"start":{"line":10,"column":4},"end":{"line":15,"column":5}},"3":{"start":{"line":11,"column":21},"end":{"line":11,"column":54}},"4":{"start":{"line":12,"column":6},"end":{"line":14,"column":7}},"5":{"start":{"line":13,"column":8},"end":{"line":13,"column":34}},"6":{"start":{"line":16,"column":4},"end":{"line":16,"column":14}},"7":{"start":{"line":18,"column":4},"end":{"line":18,"column":56}},"8":{"start":{"line":19,"column":4},"end":{"line":19,"column":14}},"9":{"start":{"line":27,"column":2},"end":{"line":33,"column":3}},"10":{"start":{"line":28,"column":4},"end":{"line":30,"column":5}},"11":{"start":{"line":29,"column":6},"end":{"line":29,"column":63}},"12":{"start":{"line":32,"column":4},"end":{"line":32,"column":56}},"13":{"start":{"line":44,"column":35},"end":{"line":48,"column":3}},"14":{"start":{"line":49,"column":2},"end":{"line":49,"column":29}},"15":{"start":{"line":59,"column":2},"end":{"line":61,"column":3}},"16":{"start":{"line":60,"column":4},"end":{"line":60,"column":15}},"17":{"start":{"line":64,"column":21},"end":{"line":64,"column":24}},"18":{"start":{"line":65,"column":2},"end":{"line":74,"column":5}},"19":{"start":{"line":67,"column":27},"end":{"line":67,"column":62}},"20":{"start":{"line":68,"column":20},"end":{"line":68,"column":60}},"21":{"start":{"line":70,"column":4},"end":{"line":73,"column":5}},"22":{"start":{"line":72,"column":6},"end":{"line":72,"column":73}},"23":{"start":{"line":76,"column":2},"end":{"line":76,"column":22}},"24":{"start":{"line":85,"column":2},"end":{"line":87,"column":3}},"25":{"start":{"line":86,"column":4},"end":{"line":86,"column":14}},"26":{"start":{"line":89,"column":70},"end":{"line":89,"column":72}},"27":{"start":{"line":91,"column":2},"end":{"line":98,"column":5}},"28":{"start":{"line":92,"column":20},"end":{"line":92,"column":37}},"29":{"start":{"line":93,"column":19},"end":{"line":93,"column":32}},"30":{"start":{"line":95,"column":4},"end":{"line":97,"column":5}},"31":{"start":{"line":96,"column":6},"end":{"line":96,"column":70}},"32":{"start":{"line":100,"column":2},"end":{"line":100,"column":21}},"33":{"start":{"line":107,"column":2},"end":{"line":120,"column":3}},"34":{"start":{"line":109,"column":6},"end":{"line":109,"column":33}},"35":{"start":{"line":111,"column":6},"end":{"line":111,"column":32}},"36":{"start":{"line":113,"column":6},"end":{"line":113,"column":27}},"37":{"start":{"line":115,"column":6},"end":{"line":115,"column":31}},"38":{"start":{"line":117,"column":6},"end":{"line":117,"column":25}},"39":{"start":{"line":119,"column":6},"end":{"line":119,"column":20}},"40":{"start":{"line":127,"column":2},"end":{"line":133,"column":3}},"41":{"start":{"line":128,"column":4},"end":{"line":130,"column":5}},"42":{"start":{"line":129,"column":6},"end":{"line":129,"column":43}},"43":{"start":{"line":132,"column":4},"end":{"line":132,"column":57}},"44":{"start":{"line":140,"column":2},"end":{"line":140,"column":62}},"45":{"start":{"line":140,"column":32},"end":{"line":140,"column":60}},"46":{"start":{"line":147,"column":17},"end":{"line":151,"column":1}},"47":{"start":{"line":152,"column":2},"end":{"line":152,"column":27}}},"fnMap":{"0":{"name":"loadGameMemory","decl":{"start":{"line":8,"column":22},"end":{"line":8,"column":36}},"loc":{"start":{"line":8,"column":67},"end":{"line":21,"column":1}},"line":8},"1":{"name":"saveGameMemory","decl":{"start":{"line":26,"column":22},"end":{"line":26,"column":36}},"loc":{"start":{"line":26,"column":78},"end":{"line":34,"column":1}},"line":26},"2":{"name":"addGameToMemory","decl":{"start":{"line":39,"column":16},"end":{"line":39,"column":31}},"loc":{"start":{"line":43,"column":21},"end":{"line":50,"column":1}},"line":43},"3":{"name":"applyAnnotationsToPgn","decl":{"start":{"line":55,"column":16},"end":{"line":55,"column":37}},"loc":{"start":{"line":58,"column":10},"end":{"line":77,"column":1}},"line":58},"4":{"name":"(anonymous_4)","decl":{"start":{"line":65,"column":38},"end":{"line":65,"column":39}},"loc":{"start":{"line":65,"column":61},"end":{"line":74,"column":3}},"line":65},"5":{"name":"parseAnnotationsFromResponse","decl":{"start":{"line":82,"column":16},"end":{"line":82,"column":44}},"loc":{"start":{"line":84,"column":50},"end":{"line":101,"column":1}},"line":84},"6":{"name":"(anonymous_6)","decl":{"start":{"line":91,"column":47},"end":{"line":91,"column":48}},"loc":{"start":{"line":91,"column":65},"end":{"line":98,"column":3}},"line":91},"7":{"name":"formatAnnotationSymbol","decl":{"start":{"line":106,"column":16},"end":{"line":106,"column":38}},"loc":{"start":{"line":106,"column":87},"end":{"line":121,"column":1}},"line":106},"8":{"name":"clearGameMemory","decl":{"start":{"line":126,"column":22},"end":{"line":126,"column":37}},"loc":{"start":{"line":126,"column":55},"end":{"line":134,"column":1}},"line":126},"9":{"name":"deleteGameFromMemory","decl":{"start":{"line":139,"column":16},"end":{"line":139,"column":36}},"loc":{"start":{"line":139,"column":101},"end":{"line":141,"column":1}},"line":139},"10":{"name":"(anonymous_10)","decl":{"start":{"line":140,"column":22},"end":{"line":140,"column":23}},"loc":{"start":{"line":140,"column":32},"end":{"line":140,"column":60}},"line":140},"11":{"name":"exportGameAsPgn","decl":{"start":{"line":146,"column":16},"end":{"line":146,"column":31}},"loc":{"start":{"line":146,"column":63},"end":{"line":153,"column":1}},"line":146}},"branchMap":{"0":{"loc":{"start":{"line":10,"column":4},"end":{"line":15,"column":5}},"type":"if","locations":[{"start":{"line":10,"column":4},"end":{"line":15,"column":5}},{"start":{},"end":{}}],"line":10},"1":{"loc":{"start":{"line":12,"column":6},"end":{"line":14,"column":7}},"type":"if","locations":[{"start":{"line":12,"column":6},"end":{"line":14,"column":7}},{"start":{},"end":{}}],"line":12},"2":{"loc":{"start":{"line":28,"column":4},"end":{"line":30,"column":5}},"type":"if","locations":[{"start":{"line":28,"column":4},"end":{"line":30,"column":5}},{"start":{},"end":{}}],"line":28},"3":{"loc":{"start":{"line":59,"column":2},"end":{"line":61,"column":3}},"type":"if","locations":[{"start":{"line":59,"column":2},"end":{"line":61,"column":3}},{"start":{},"end":{}}],"line":59},"4":{"loc":{"start":{"line":70,"column":4},"end":{"line":73,"column":5}},"type":"if","locations":[{"start":{"line":70,"column":4},"end":{"line":73,"column":5}},{"start":{},"end":{}}],"line":70},"5":{"loc":{"start":{"line":85,"column":2},"end":{"line":87,"column":3}},"type":"if","locations":[{"start":{"line":85,"column":2},"end":{"line":87,"column":3}},{"start":{},"end":{}}],"line":85},"6":{"loc":{"start":{"line":95,"column":4},"end":{"line":97,"column":5}},"type":"if","locations":[{"start":{"line":95,"column":4},"end":{"line":97,"column":5}},{"start":{},"end":{}}],"line":95},"7":{"loc":{"start":{"line":107,"column":2},"end":{"line":120,"column":3}},"type":"switch","locations":[{"start":{"line":108,"column":4},"end":{"line":109,"column":33}},{"start":{"line":110,"column":4},"end":{"line":111,"column":32}},{"start":{"line":112,"column":4},"end":{"line":113,"column":27}},{"start":{"line":114,"column":4},"end":{"line":115,"column":31}},{"start":{"line":116,"column":4},"end":{"line":117,"column":25}},{"start":{"line":118,"column":4},"end":{"line":119,"column":20}}],"line":107},"8":{"loc":{"start":{"line":128,"column":4},"end":{"line":130,"column":5}},"type":"if","locations":[{"start":{"line":128,"column":4},"end":{"line":130,"column":5}},{"start":{},"end":{}}],"line":128}},"s":{"0":1,"1":2,"2":2,"3":2,"4":2,"5":1,"6":1,"7":0,"8":0,"9":1,"10":1,"11":1,"12":0,"13":4,"14":4,"15":2,"16":1,"17":1,"18":1,"19":2,"20":2,"21":2,"22":2,"23":1,"24":5,"25":2,"26":3,"27":3,"28":10,"29":10,"30":10,"31":9,"32":3,"33":5,"34":1,"35":1,"36":1,"37":1,"38":1,"39":0,"40":1,"41":1,"42":1,"43":0,"44":3,"45":4,"46":2,"47":2},"f":{"0":2,"1":1,"2":4,"3":2,"4":2,"5":5,"6":10,"7":5,"8":1,"9":3,"10":4,"11":2},"b":{"0":[2,0],"1":[1,1],"2":[1,0],"3":[1,1],"4":[2,0],"5":[2,3],"6":[9,1],"7":[1,1,1,1,1,0],"8":[1,0]},"_coverageSchema":"1a1c01bbd47fc00a2c39e90264f33305004495a9","hash":"dddaecf535b8059ca370ba0ba5dfbf9a6e3ca51a"}
,"D:\\Projects\\chess-to-me\\src\\utils\\llmResponseParser.ts": {"path":"D:\\Projects\\chess-to-me\\src\\utils\\llmResponseParser.ts","statementMap":{"0":{"start":{"line":7,"column":2},"end":{"line":29,"column":3}},"1":{"start":{"line":8,"column":19},"end":{"line":8,"column":43}},"2":{"start":{"line":9,"column":4},"end":{"line":21,"column":6}},"3":{"start":{"line":23,"column":4},"end":{"line":28,"column":6}},"4":{"start":{"line":36,"column":21},"end":{"line":36,"column":60}},"5":{"start":{"line":37,"column":2},"end":{"line":47,"column":3}},"6":{"start":{"line":39,"column":6},"end":{"line":39,"column":22}},"7":{"start":{"line":41,"column":6},"end":{"line":41,"column":24}},"8":{"start":{"line":43,"column":6},"end":{"line":43,"column":20}},"9":{"start":{"line":46,"column":6},"end":{"line":46,"column":24}},"10":{"start":{"line":54,"column":27},"end":{"line":54,"column":29}},"11":{"start":{"line":56,"column":2},"end":{"line":58,"column":3}},"12":{"start":{"line":57,"column":4},"end":{"line":57,"column":47}},"13":{"start":{"line":60,"column":23},"end":{"line":60,"column":76}},"14":{"start":{"line":62,"column":2},"end":{"line":66,"column":3}},"15":{"start":{"line":63,"column":4},"end":{"line":65,"column":5}},"16":{"start":{"line":64,"column":6},"end":{"line":64,"column":65}},"17":{"start":{"line":68,"column":2},"end":{"line":72,"column":3}},"18":{"start":{"line":69,"column":4},"end":{"line":71,"column":5}},"19":{"start":{"line":70,"column":6},"end":{"line":70,"column":62}},"20":{"start":{"line":74,"column":2},"end":{"line":76,"column":3}},"21":{"start":{"line":75,"column":4},"end":{"line":75,"column":63}},"22":{"start":{"line":78,"column":2},"end":{"line":81,"column":4}},"23":{"start":{"line":88,"column":2},"end":{"line":90,"column":18}},"24":{"start":{"line":89,"column":18},"end":{"line":89,"column":81}}},"fnMap":{"0":{"name":"parseLLMResponse","decl":{"start":{"line":6,"column":16},"end":{"line":6,"column":32}},"loc":{"start":{"line":6,"column":68},"end":{"line":30,"column":1}},"line":6},"1":{"name":"normalizeResponseType","decl":{"start":{"line":35,"column":9},"end":{"line":35,"column":30}},"loc":{"start":{"line":35,"column":56},"end":{"line":48,"column":1}},"line":35},"2":{"name":"validateLLMResponse","decl":{"start":{"line":53,"column":16},"end":{"line":53,"column":35}},"loc":{"start":{"line":53,"column":97},"end":{"line":82,"column":1}},"line":53},"3":{"name":"formatConversationHistory","decl":{"start":{"line":87,"column":16},"end":{"line":87,"column":41}},"loc":{"start":{"line":87,"column":116},"end":{"line":91,"column":1}},"line":87},"4":{"name":"(anonymous_4)","decl":{"start":{"line":89,"column":9},"end":{"line":89,"column":10}},"loc":{"start":{"line":89,"column":18},"end":{"line":89,"column":81}},"line":89}},"branchMap":{"0":{"loc":{"start":{"line":11,"column":43},"end":{"line":11,"column":92}},"type":"binary-expr","locations":[{"start":{"line":11,"column":43},"end":{"line":11,"column":63}},{"start":{"line":11,"column":67},"end":{"line":11,"column":78}},{"start":{"line":11,"column":82},"end":{"line":11,"column":92}}],"line":11},"1":{"loc":{"start":{"line":12,"column":34},"end":{"line":12,"column":83}},"type":"binary-expr","locations":[{"start":{"line":12,"column":34},"end":{"line":12,"column":54}},{"start":{"line":12,"column":58},"end":{"line":12,"column":69}},{"start":{"line":12,"column":73},"end":{"line":12,"column":83}}],"line":12},"2":{"loc":{"start":{"line":13,"column":14},"end":{"line":13,"column":55}},"type":"binary-expr","locations":[{"start":{"line":13,"column":14},"end":{"line":13,"column":27}},{"start":{"line":13,"column":31},"end":{"line":13,"column":49}},{"start":{"line":13,"column":53},"end":{"line":13,"column":55}}],"line":13},"3":{"loc":{"start":{"line":14,"column":19},"end":{"line":14,"column":60}},"type":"binary-expr","locations":[{"start":{"line":14,"column":19},"end":{"line":14,"column":37}},{"start":{"line":14,"column":41},"end":{"line":14,"column":54}},{"start":{"line":14,"column":58},"end":{"line":14,"column":60}}],"line":14},"4":{"loc":{"start":{"line":16,"column":16},"end":{"line":16,"column":76}},"type":"cond-expr","locations":[{"start":{"line":16,"column":49},"end":{"line":16,"column":64}},{"start":{"line":16,"column":67},"end":{"line":16,"column":76}}],"line":16},"5":{"loc":{"start":{"line":17,"column":23},"end":{"line":17,"column":54}},"type":"binary-expr","locations":[{"start":{"line":17,"column":23},"end":{"line":17,"column":45}},{"start":{"line":17,"column":49},"end":{"line":17,"column":54}}],"line":17},"6":{"loc":{"start":{"line":27,"column":46},"end":{"line":27,"column":88}},"type":"cond-expr","locations":[{"start":{"line":27,"column":67},"end":{"line":27,"column":76}},{"start":{"line":27,"column":79},"end":{"line":27,"column":88}}],"line":27},"7":{"loc":{"start":{"line":36,"column":28},"end":{"line":36,"column":38}},"type":"binary-expr","locations":[{"start":{"line":36,"column":28},"end":{"line":36,"column":32}},{"start":{"line":36,"column":36},"end":{"line":36,"column":38}}],"line":36},"8":{"loc":{"start":{"line":37,"column":2},"end":{"line":47,"column":3}},"type":"switch","locations":[{"start":{"line":38,"column":4},"end":{"line":39,"column":22}},{"start":{"line":40,"column":4},"end":{"line":41,"column":24}},{"start":{"line":42,"column":4},"end":{"line":43,"column":20}},{"start":{"line":44,"column":4},"end":{"line":44,"column":20}},{"start":{"line":45,"column":4},"end":{"line":46,"column":24}}],"line":37},"9":{"loc":{"start":{"line":56,"column":2},"end":{"line":58,"column":3}},"type":"if","locations":[{"start":{"line":56,"column":2},"end":{"line":58,"column":3}},{"start":{},"end":{}}],"line":56},"10":{"loc":{"start":{"line":56,"column":6},"end":{"line":56,"column":47}},"type":"binary-expr","locations":[{"start":{"line":56,"column":6},"end":{"line":56,"column":29}},{"start":{"line":56,"column":33},"end":{"line":56,"column":47}}],"line":56},"11":{"loc":{"start":{"line":60,"column":23},"end":{"line":60,"column":76}},"type":"binary-expr","locations":[{"start":{"line":60,"column":23},"end":{"line":60,"column":45}},{"start":{"line":60,"column":49},"end":{"line":60,"column":62}},{"start":{"line":60,"column":66},"end":{"line":60,"column":76}}],"line":60},"12":{"loc":{"start":{"line":62,"column":2},"end":{"line":66,"column":3}},"type":"if","locations":[{"start":{"line":62,"column":2},"end":{"line":66,"column":3}},{"start":{},"end":{}}],"line":62},"13":{"loc":{"start":{"line":62,"column":6},"end":{"line":62,"column":62}},"type":"binary-expr","locations":[{"start":{"line":62,"column":6},"end":{"line":62,"column":31}},{"start":{"line":62,"column":35},"end":{"line":62,"column":62}}],"line":62},"14":{"loc":{"start":{"line":63,"column":4},"end":{"line":65,"column":5}},"type":"if","locations":[{"start":{"line":63,"column":4},"end":{"line":65,"column":5}},{"start":{},"end":{}}],"line":63},"15":{"loc":{"start":{"line":68,"column":2},"end":{"line":72,"column":3}},"type":"if","locations":[{"start":{"line":68,"column":2},"end":{"line":72,"column":3}},{"start":{},"end":{}}],"line":68},"16":{"loc":{"start":{"line":69,"column":4},"end":{"line":71,"column":5}},"type":"if","locations":[{"start":{"line":69,"column":4},"end":{"line":71,"column":5}},{"start":{},"end":{}}],"line":69},"17":{"loc":{"start":{"line":74,"column":2},"end":{"line":76,"column":3}},"type":"if","locations":[{"start":{"line":74,"column":2},"end":{"line":76,"column":3}},{"start":{},"end":{}}],"line":74},"18":{"loc":{"start":{"line":74,"column":6},"end":{"line":74,"column":47}},"type":"binary-expr","locations":[{"start":{"line":74,"column":6},"end":{"line":74,"column":22}},{"start":{"line":74,"column":26},"end":{"line":74,"column":47}}],"line":74},"19":{"loc":{"start":{"line":89,"column":21},"end":{"line":89,"column":63}},"type":"cond-expr","locations":[{"start":{"line":89,"column":43},"end":{"line":89,"column":49}},{"start":{"line":89,"column":52},"end":{"line":89,"column":63}}],"line":89}},"s":{"0":14,"1":14,"2":13,"3":1,"4":26,"5":26,"6":18,"7":0,"8":4,"9":4,"10":5,"11":5,"12":1,"13":5,"14":5,"15":2,"16":1,"17":5,"18":1,"19":1,"20":5,"21":1,"22":5,"23":3,"24":4},"f":{"0":14,"1":26,"2":5,"3":3,"4":4},"b":{"0":[13,0,0],"1":[13,0,0],"2":[13,13,0],"3":[13,0,0],"4":[5,8],"5":[13,6],"6":[1,0],"7":[26,0],"8":[18,0,4,2,4],"9":[1,4],"10":[5,1],"11":[5,1,1],"12":[2,3],"13":[5,3],"14":[1,1],"15":[1,4],"16":[1,0],"17":[1,4],"18":[5,1],"19":[2,2]},"_coverageSchema":"1a1c01bbd47fc00a2c39e90264f33305004495a9","hash":"62687b9eb8e09eca30520602b3c3ff8efbf63f2f"}
,"D:\\Projects\\chess-to-me\\src\\utils\\puzzleUtils.ts": {"path":"D:\\Projects\\chess-to-me\\src\\utils\\puzzleUtils.ts","statementMap":{"0":{"start":{"line":1,"column":23},"end":{"line":1,"column":147}},"1":{"start":{"line":2,"column":20},"end":{"line":2,"column":52}},"2":{"start":{"line":5,"column":2},"end":{"line":5,"column":77}},"3":{"start":{"line":5,"column":64},"end":{"line":5,"column":77}},"4":{"start":{"line":6,"column":17},"end":{"line":6,"column":41}},"5":{"start":{"line":7,"column":2},"end":{"line":7,"column":71}},"6":{"start":{"line":7,"column":50},"end":{"line":7,"column":69}},"7":{"start":{"line":11,"column":2},"end":{"line":11,"column":44}},"8":{"start":{"line":15,"column":2},"end":{"line":15,"column":55}},"9":{"start":{"line":15,"column":42},"end":{"line":15,"column":55}},"10":{"start":{"line":16,"column":2},"end":{"line":16,"column":98}},"11":{"start":{"line":16,"column":33},"end":{"line":16,"column":96}},"12":{"start":{"line":20,"column":2},"end":{"line":20,"column":48}},"13":{"start":{"line":24,"column":18},"end":{"line":24,"column":29}},"14":{"start":{"line":25,"column":2},"end":{"line":25,"column":44}},"15":{"start":{"line":25,"column":32},"end":{"line":25,"column":44}},"16":{"start":{"line":26,"column":12},"end":{"line":26,"column":33}},"17":{"start":{"line":27,"column":2},"end":{"line":27,"column":44}},"18":{"start":{"line":31,"column":2},"end":{"line":31,"column":35}},"19":{"start":{"line":31,"column":22},"end":{"line":31,"column":35}},"20":{"start":{"line":32,"column":14},"end":{"line":32,"column":35}},"21":{"start":{"line":33,"column":2},"end":{"line":33,"column":47}}},"fnMap":{"0":{"name":"looksLikeMoveSequence","decl":{"start":{"line":4,"column":16},"end":{"line":4,"column":37}},"loc":{"start":{"line":4,"column":61},"end":{"line":8,"column":1}},"line":4},"1":{"name":"(anonymous_1)","decl":{"start":{"line":7,"column":43},"end":{"line":7,"column":44}},"loc":{"start":{"line":7,"column":50},"end":{"line":7,"column":69}},"line":7},"2":{"name":"normalizeSolutionMove","decl":{"start":{"line":10,"column":16},"end":{"line":10,"column":37}},"loc":{"start":{"line":10,"column":60},"end":{"line":12,"column":1}},"line":10},"3":{"name":"comparePuzzleAttempt","decl":{"start":{"line":14,"column":16},"end":{"line":14,"column":36}},"loc":{"start":{"line":14,"column":85},"end":{"line":17,"column":1}},"line":14},"4":{"name":"(anonymous_4)","decl":{"start":{"line":16,"column":23},"end":{"line":16,"column":24}},"loc":{"start":{"line":16,"column":33},"end":{"line":16,"column":96}},"line":16},"5":{"name":"makeExplanationCacheKey","decl":{"start":{"line":19,"column":16},"end":{"line":19,"column":39}},"loc":{"start":{"line":19,"column":103},"end":{"line":21,"column":1}},"line":19},"6":{"name":"isSingleLineNumber","decl":{"start":{"line":23,"column":16},"end":{"line":23,"column":34}},"loc":{"start":{"line":23,"column":82},"end":{"line":28,"column":1}},"line":23},"7":{"name":"shouldSkipKeyboardNavigation","decl":{"start":{"line":30,"column":16},"end":{"line":30,"column":44}},"loc":{"start":{"line":30,"column":85},"end":{"line":34,"column":1}},"line":30}},"branchMap":{"0":{"loc":{"start":{"line":5,"column":2},"end":{"line":5,"column":77}},"type":"if","locations":[{"start":{"line":5,"column":2},"end":{"line":5,"column":77}},{"start":{},"end":{}}],"line":5},"1":{"loc":{"start":{"line":5,"column":6},"end":{"line":5,"column":62}},"type":"binary-expr","locations":[{"start":{"line":5,"column":6},"end":{"line":5,"column":11}},{"start":{"line":5,"column":15},"end":{"line":5,"column":40}},{"start":{"line":5,"column":44},"end":{"line":5,"column":62}}],"line":5},"2":{"loc":{"start":{"line":7,"column":9},"end":{"line":7,"column":70}},"type":"binary-expr","locations":[{"start":{"line":7,"column":9},"end":{"line":7,"column":26}},{"start":{"line":7,"column":30},"end":{"line":7,"column":70}}],"line":7},"3":{"loc":{"start":{"line":15,"column":2},"end":{"line":15,"column":55}},"type":"if","locations":[{"start":{"line":15,"column":2},"end":{"line":15,"column":55}},{"start":{},"end":{}}],"line":15},"4":{"loc":{"start":{"line":25,"column":2},"end":{"line":25,"column":44}},"type":"if","locations":[{"start":{"line":25,"column":2},"end":{"line":25,"column":44}},{"start":{},"end":{}}],"line":25},"5":{"loc":{"start":{"line":27,"column":9},"end":{"line":27,"column":43}},"type":"cond-expr","locations":[{"start":{"line":27,"column":35},"end":{"line":27,"column":36}},{"start":{"line":27,"column":39},"end":{"line":27,"column":43}}],"line":27},"6":{"loc":{"start":{"line":27,"column":9},"end":{"line":27,"column":32}},"type":"binary-expr","locations":[{"start":{"line":27,"column":9},"end":{"line":27,"column":15}},{"start":{"line":27,"column":19},"end":{"line":27,"column":32}}],"line":27},"7":{"loc":{"start":{"line":31,"column":2},"end":{"line":31,"column":35}},"type":"if","locations":[{"start":{"line":31,"column":2},"end":{"line":31,"column":35}},{"start":{},"end":{}}],"line":31},"8":{"loc":{"start":{"line":33,"column":9},"end":{"line":33,"column":46}},"type":"binary-expr","locations":[{"start":{"line":33,"column":9},"end":{"line":33,"column":27}},{"start":{"line":33,"column":31},"end":{"line":33,"column":46}}],"line":33}},"s":{"0":1,"1":1,"2":12,"3":6,"4":6,"5":6,"6":10,"7":27,"8":8,"9":2,"10":6,"11":10,"12":8,"13":9,"14":9,"15":5,"16":4,"17":4,"18":5,"19":1,"20":4,"21":4},"f":{"0":12,"1":10,"2":27,"3":8,"4":10,"5":8,"6":9,"7":5},"b":{"0":[6,6],"1":[12,11,7],"2":[6,6],"3":[2,6],"4":[5,4],"5":[3,1],"6":[4,4],"7":[1,4],"8":[4,3]},"_coverageSchema":"1a1c01bbd47fc00a2c39e90264f33305004495a9","hash":"c10f85e1f075d6687edf477713e1312a7fc1d011"}
,"D:\\Projects\\chess-to-me\\src\\utils\\systemPromptGenerator.ts": {"path":"D:\\Projects\\chess-to-me\\src\\utils\\systemPromptGenerator.ts","statementMap":{"0":{"start":{"line":8,"column":25},"end":{"line":9,"column":73}},"1":{"start":{"line":17,"column":49},"end":{"line":17,"column":55}},"2":{"start":{"line":20,"column":4},"end":{"line":51,"column":2}},"3":{"start":{"line":54,"column":4},"end":{"line":79,"column":32}},"4":{"start":{"line":81,"column":2},"end":{"line":90,"column":52}},"5":{"start":{"line":97,"column":2},"end":{"line":109,"column":39}},"6":{"start":{"line":117,"column":23},"end":{"line":117,"column":51}},"7":{"start":{"line":118,"column":26},"end":{"line":118,"column":76}},"8":{"start":{"line":120,"column":23},"end":{"line":120,"column":57}},"9":{"start":{"line":121,"column":26},"end":{"line":121,"column":63}},"10":{"start":{"line":122,"column":25},"end":{"line":122,"column":93}},"11":{"start":{"line":124,"column":2},"end":{"line":128,"column":4}}},"fnMap":{"0":{"name":"generateSystemPrompt","decl":{"start":{"line":16,"column":16},"end":{"line":16,"column":36}},"loc":{"start":{"line":16,"column":67},"end":{"line":91,"column":1}},"line":16},"1":{"name":"generateLegacySystemPrompt","decl":{"start":{"line":96,"column":16},"end":{"line":96,"column":42}},"loc":{"start":{"line":96,"column":53},"end":{"line":110,"column":1}},"line":96},"2":{"name":"estimateTokenSavings","decl":{"start":{"line":116,"column":16},"end":{"line":116,"column":36}},"loc":{"start":{"line":116,"column":95},"end":{"line":129,"column":1}},"line":116}},"branchMap":{"0":{"loc":{"start":{"line":17,"column":24},"end":{"line":17,"column":44}},"type":"default-arg","locations":[{"start":{"line":17,"column":35},"end":{"line":17,"column":44}}],"line":17},"1":{"loc":{"start":{"line":20,"column":4},"end":{"line":51,"column":2}},"type":"cond-expr","locations":[{"start":{"line":21,"column":8},"end":{"line":25,"column":2}},{"start":{"line":26,"column":8},"end":{"line":51,"column":2}}],"line":20},"2":{"loc":{"start":{"line":26,"column":8},"end":{"line":51,"column":2}},"type":"cond-expr","locations":[{"start":{"line":27,"column":10},"end":{"line":34,"column":2}},{"start":{"line":35,"column":10},"end":{"line":51,"column":2}}],"line":26},"3":{"loc":{"start":{"line":35,"column":10},"end":{"line":51,"column":2}},"type":"cond-expr","locations":[{"start":{"line":36,"column":12},"end":{"line":41,"column":2}},{"start":{"line":42,"column":12},"end":{"line":51,"column":2}}],"line":35},"4":{"loc":{"start":{"line":54,"column":4},"end":{"line":79,"column":32}},"type":"cond-expr","locations":[{"start":{"line":55,"column":8},"end":{"line":59,"column":42}},{"start":{"line":60,"column":8},"end":{"line":79,"column":32}}],"line":54},"5":{"loc":{"start":{"line":60,"column":8},"end":{"line":79,"column":32}},"type":"cond-expr","locations":[{"start":{"line":61,"column":10},"end":{"line":68,"column":30}},{"start":{"line":69,"column":10},"end":{"line":79,"column":32}}],"line":60},"6":{"loc":{"start":{"line":69,"column":10},"end":{"line":79,"column":32}},"type":"cond-expr","locations":[{"start":{"line":70,"column":12},"end":{"line":74,"column":41}},{"start":{"line":75,"column":12},"end":{"line":79,"column":32}}],"line":69}},"s":{"0":1,"1":24,"2":24,"3":24,"4":24,"5":6,"6":3,"7":3,"8":3,"9":3,"10":3,"11":3},"f":{"0":24,"1":6,"2":3},"b":{"0":[23],"1":[8,16],"2":[8,8],"3":[3,5],"4":[8,16],"5":[8,8],"6":[3,5]},"_coverageSchema":"1a1c01bbd47fc00a2c39e90264f33305004495a9","hash":"d301b385c102707f060d952a3f7607ce8deed451"}
,"D:\\Projects\\chess-to-me\\src\\utils\\twoStepLLMProcessing.ts": {"path":"D:\\Projects\\chess-to-me\\src\\utils\\twoStepLLMProcessing.ts","statementMap":{"0":{"start":{"line":23,"column":2},"end":{"line":25,"column":3}},"1":{"start":{"line":24,"column":4},"end":{"line":24,"column":80}},"2":{"start":{"line":27,"column":37},"end":{"line":43,"column":123}},"3":{"start":{"line":45,"column":2},"end":{"line":67,"column":3}},"4":{"start":{"line":46,"column":21},"end":{"line":55,"column":6}},"5":{"start":{"line":57,"column":4},"end":{"line":59,"column":5}},"6":{"start":{"line":58,"column":6},"end":{"line":58,"column":82}},"7":{"start":{"line":62,"column":19},"end":{"line":62,"column":60}},"8":{"start":{"line":63,"column":4},"end":{"line":63,"column":18}},"9":{"start":{"line":65,"column":4},"end":{"line":65,"column":60}},"10":{"start":{"line":66,"column":4},"end":{"line":66,"column":80}},"11":{"start":{"line":78,"column":2},"end":{"line":103,"column":3}},"12":{"start":{"line":80,"column":22},"end":{"line":80,"column":51}},"13":{"start":{"line":81,"column":4},"end":{"line":83,"column":5}},"14":{"start":{"line":82,"column":6},"end":{"line":82,"column":82}},"15":{"start":{"line":85,"column":19},"end":{"line":85,"column":43}},"16":{"start":{"line":86,"column":20},"end":{"line":86,"column":67}},"17":{"start":{"line":87,"column":27},"end":{"line":87,"column":65}},"18":{"start":{"line":89,"column":29},"end":{"line":89,"column":39}},"19":{"start":{"line":90,"column":4},"end":{"line":93,"column":27}},"20":{"start":{"line":90,"column":36},"end":{"line":90,"column":52}},"21":{"start":{"line":91,"column":9},"end":{"line":93,"column":27}},"22":{"start":{"line":91,"column":43},"end":{"line":91,"column":61}},"23":{"start":{"line":92,"column":9},"end":{"line":93,"column":27}},"24":{"start":{"line":92,"column":39},"end":{"line":92,"column":53}},"25":{"start":{"line":93,"column":9},"end":{"line":93,"column":27}},"26":{"start":{"line":95,"column":4},"end":{"line":99,"column":6}},"27":{"start":{"line":101,"column":4},"end":{"line":101,"column":58}},"28":{"start":{"line":102,"column":4},"end":{"line":102,"column":80}},"29":{"start":{"line":111,"column":27},"end":{"line":130,"column":3}},"30":{"start":{"line":132,"column":24},"end":{"line":132,"column":46}},"31":{"start":{"line":133,"column":2},"end":{"line":133,"column":77}},"32":{"start":{"line":133,"column":44},"end":{"line":133,"column":75}}},"fnMap":{"0":{"name":"determineRequestType","decl":{"start":{"line":7,"column":22},"end":{"line":7,"column":42}},"loc":{"start":{"line":22,"column":3},"end":{"line":68,"column":1}},"line":22},"1":{"name":"parseRequestTypeResponse","decl":{"start":{"line":73,"column":9},"end":{"line":73,"column":33}},"loc":{"start":{"line":77,"column":2},"end":{"line":104,"column":1}},"line":77},"2":{"name":"quickDetectAnalysisRequired","decl":{"start":{"line":110,"column":16},"end":{"line":110,"column":43}},"loc":{"start":{"line":110,"column":71},"end":{"line":134,"column":1}},"line":110},"3":{"name":"(anonymous_3)","decl":{"start":{"line":133,"column":31},"end":{"line":133,"column":32}},"loc":{"start":{"line":133,"column":44},"end":{"line":133,"column":75}},"line":133}},"branchMap":{"0":{"loc":{"start":{"line":23,"column":2},"end":{"line":25,"column":3}},"type":"if","locations":[{"start":{"line":23,"column":2},"end":{"line":25,"column":3}},{"start":{},"end":{}}],"line":23},"1":{"loc":{"start":{"line":57,"column":4},"end":{"line":59,"column":5}},"type":"if","locations":[{"start":{"line":57,"column":4},"end":{"line":59,"column":5}},{"start":{},"end":{}}],"line":57},"2":{"loc":{"start":{"line":57,"column":8},"end":{"line":57,"column":42}},"type":"binary-expr","locations":[{"start":{"line":57,"column":8},"end":{"line":57,"column":21}},{"start":{"line":57,"column":25},"end":{"line":57,"column":42}}],"line":57},"3":{"loc":{"start":{"line":81,"column":4},"end":{"line":83,"column":5}},"type":"if","locations":[{"start":{"line":81,"column":4},"end":{"line":83,"column":5}},{"start":{},"end":{}}],"line":81},"4":{"loc":{"start":{"line":86,"column":27},"end":{"line":86,"column":52}},"type":"binary-expr","locations":[{"start":{"line":86,"column":27},"end":{"line":86,"column":38}},{"start":{"line":86,"column":42},"end":{"line":86,"column":52}}],"line":86},"5":{"loc":{"start":{"line":90,"column":4},"end":{"line":93,"column":27}},"type":"if","locations":[{"start":{"line":90,"column":4},"end":{"line":93,"column":27}},{"start":{"line":91,"column":9},"end":{"line":93,"column":27}}],"line":90},"6":{"loc":{"start":{"line":91,"column":9},"end":{"line":93,"column":27}},"type":"if","locations":[{"start":{"line":91,"column":9},"end":{"line":93,"column":27}},{"start":{"line":92,"column":9},"end":{"line":93,"column":27}}],"line":91},"7":{"loc":{"start":{"line":92,"column":9},"end":{"line":93,"column":27}},"type":"if","locations":[{"start":{"line":92,"column":9},"end":{"line":93,"column":27}},{"start":{"line":93,"column":9},"end":{"line":93,"column":27}}],"line":92}},"s":{"0":10,"1":1,"2":9,"3":9,"4":9,"5":8,"6":1,"7":7,"8":7,"9":1,"10":1,"11":7,"12":7,"13":7,"14":1,"15":6,"16":5,"17":5,"18":5,"19":5,"20":1,"21":4,"22":1,"23":3,"24":1,"25":2,"26":5,"27":1,"28":1,"29":15,"30":15,"31":15,"32":139},"f":{"0":10,"1":7,"2":15,"3":139},"b":{"0":[1,9],"1":[1,7],"2":[8,7],"3":[1,6],"4":[5,0],"5":[1,4],"6":[1,3],"7":[1,2]},"_coverageSchema":"1a1c01bbd47fc00a2c39e90264f33305004495a9","hash":"0b09ed8f14deee69f22728933c4b7215825e48c7"}
}
