TN:
SF:src\electron-api.d.ts
FNF:0
FNH:0
LF:0
LH:0
BRF:0
BRH:0
end_of_record
TN:
SF:src\theme.ts
FNF:0
FNH:0
DA:3,0
LF:1
LH:0
BRF:0
BRH:0
end_of_record
TN:
SF:src\types\index.ts
FNF:0
FNH:0
LF:0
LH:0
BRF:0
BRH:0
end_of_record
TN:
SF:src\utils\ChessEngine.ts
FN:7,(anonymous_0)
FN:19,(anonymous_1)
FN:23,(anonymous_2)
FN:27,(anonymous_3)
FN:31,(anonymous_4)
FN:35,(anonymous_5)
FNF:6
FNH:6
FNDA:49,(anonymous_0)
FNDA:1,(anonymous_1)
FNDA:1,(anonymous_2)
FNDA:1,(anonymous_3)
FNDA:1,(anonymous_4)
FNDA:1,(anonymous_5)
DA:5,49
DA:8,49
DA:9,1
DA:11,48
DA:12,48
DA:20,1
DA:24,1
DA:28,1
DA:32,1
DA:36,1
LF:10
LH:10
BRDA:8,0,0,1
BRDA:8,0,1,48
BRF:2
BRH:2
end_of_record
TN:
SF:src\utils\EngineRouter.ts
FN:11,(anonymous_0)
FN:17,(anonymous_1)
FN:24,(anonymous_2)
FN:28,(anonymous_3)
FN:44,(anonymous_4)
FN:64,(anonymous_5)
FN:71,(anonymous_6)
FN:77,(anonymous_7)
FN:84,(anonymous_8)
FNF:9
FNH:9
FNDA:20,(anonymous_0)
FNDA:13,(anonymous_1)
FNDA:1,(anonymous_2)
FNDA:12,(anonymous_3)
FNDA:12,(anonymous_4)
FNDA:2,(anonymous_5)
FNDA:2,(anonymous_6)
FNDA:2,(anonymous_7)
FNDA:5,(anonymous_8)
DA:12,20
DA:13,20
DA:14,20
DA:18,13
DA:19,13
DA:20,1
DA:25,1
DA:29,12
DA:30,12
DA:31,1
DA:34,11
DA:36,8
DA:38,2
DA:40,1
DA:45,12
DA:46,1
DA:47,1
DA:49,0
DA:53,12
DA:54,12
DA:56,10
DA:57,10
DA:59,1
DA:60,1
DA:65,2
DA:66,1
DA:68,1
DA:72,2
DA:73,1
DA:78,2
DA:79,1
DA:80,1
DA:89,5
LF:33
LH:32
BRDA:11,0,0,1
BRDA:11,1,0,1
BRDA:19,2,0,1
BRDA:19,2,1,12
BRDA:30,3,0,1
BRDA:30,3,1,11
BRDA:34,4,0,8
BRDA:34,4,1,2
BRDA:34,4,2,1
BRDA:45,5,0,1
BRDA:45,5,1,11
BRDA:49,6,0,0
BRDA:49,6,1,0
BRDA:65,7,0,1
BRDA:65,7,1,1
BRDA:72,8,0,1
BRDA:72,8,1,1
BRDA:78,9,0,1
BRDA:78,9,1,1
BRDA:92,10,0,5
BRDA:92,10,1,3
BRF:21
BRH:19
end_of_record
TN:
SF:src\utils\LC0Engine.ts
FN:4,getAPI
FN:11,(anonymous_1)
FN:16,(anonymous_2)
FN:28,(anonymous_3)
FN:50,(anonymous_4)
FN:60,(anonymous_5)
FN:64,(anonymous_6)
FNF:7
FNH:7
FNDA:14,getAPI
FNDA:17,(anonymous_1)
FNDA:5,(anonymous_2)
FNDA:5,(anonymous_3)
FNDA:4,(anonymous_4)
FNDA:1,(anonymous_5)
FNDA:2,(anonymous_6)
DA:5,14
DA:12,17
DA:13,17
DA:17,5
DA:18,5
DA:19,1
DA:21,4
DA:22,4
DA:24,1
DA:29,5
DA:30,5
DA:31,1
DA:33,4
DA:34,4
DA:40,3
DA:41,1
DA:42,1
DA:44,2
DA:46,2
DA:51,4
DA:52,4
DA:53,4
DA:54,3
DA:61,1
DA:65,2
LF:25
LH:25
BRDA:5,0,0,14
BRDA:5,0,1,0
BRDA:18,1,0,1
BRDA:18,1,1,4
BRDA:24,2,0,1
BRDA:24,2,1,0
BRDA:28,3,0,4
BRDA:28,4,0,4
BRDA:30,5,0,1
BRDA:30,5,1,4
BRDA:40,6,0,1
BRDA:40,6,1,2
BRDA:41,7,0,1
BRDA:41,7,1,0
BRDA:46,8,0,2
BRDA:46,8,1,0
BRDA:53,9,0,1
BRDA:53,9,1,3
BRF:18
BRH:14
end_of_record
TN:
SF:src\utils\StockfishEngine.ts
FN:4,getAPI
FN:11,(anonymous_1)
FN:16,(anonymous_2)
FN:28,(anonymous_3)
FN:50,(anonymous_4)
FN:60,(anonymous_5)
FN:64,(anonymous_6)
FNF:7
FNH:7
FNDA:24,getAPI
FNDA:23,(anonymous_1)
FNDA:11,(anonymous_2)
FNDA:6,(anonymous_3)
FNDA:7,(anonymous_4)
FNDA:3,(anonymous_5)
FNDA:4,(anonymous_6)
DA:5,24
DA:12,23
DA:13,23
DA:17,11
DA:18,11
DA:19,1
DA:21,10
DA:22,10
DA:24,2
DA:29,6
DA:30,6
DA:31,1
DA:33,5
DA:34,5
DA:40,4
DA:41,1
DA:42,1
DA:44,3
DA:46,2
DA:51,7
DA:52,7
DA:53,7
DA:54,6
DA:61,3
DA:65,4
LF:25
LH:25
BRDA:5,0,0,24
BRDA:5,0,1,0
BRDA:18,1,0,1
BRDA:18,1,1,10
BRDA:24,2,0,2
BRDA:24,2,1,0
BRDA:28,3,0,4
BRDA:28,4,0,4
BRDA:30,5,0,1
BRDA:30,5,1,5
BRDA:40,6,0,1
BRDA:40,6,1,3
BRDA:41,7,0,1
BRDA:41,7,1,0
BRDA:46,8,0,2
BRDA:46,8,1,0
BRDA:53,9,0,1
BRDA:53,9,1,6
BRF:18
BRH:14
end_of_record
TN:
SF:src\utils\analysisHelpers.ts
FN:18,(anonymous_0)
FN:30,(anonymous_1)
FN:34,(anonymous_2)
FN:37,(anonymous_3)
FN:82,(anonymous_4)
FN:103,(anonymous_5)
FN:149,(anonymous_6)
FN:178,(anonymous_7)
FN:188,(anonymous_8)
FN:209,(anonymous_9)
FNF:10
FNH:10
FNDA:11,(anonymous_0)
FNDA:11,(anonymous_1)
FNDA:14,(anonymous_2)
FNDA:11,(anonymous_3)
FNDA:14,(anonymous_4)
FNDA:11,(anonymous_5)
FNDA:7,(anonymous_6)
FNDA:1,(anonymous_7)
FNDA:4,(anonymous_8)
FNDA:7,(anonymous_9)
DA:4,1
DA:5,1
DA:13,1
DA:18,1
DA:19,11
DA:20,1
DA:22,10
DA:30,1
DA:31,11
DA:32,1
DA:34,14
DA:37,1
DA:44,11
DA:45,11
DA:46,10
DA:47,10
DA:49,0
DA:52,1
DA:54,11
DA:55,11
DA:63,11
DA:65,11
DA:66,14
DA:67,14
DA:68,14
DA:69,14
DA:78,0
DA:82,14
DA:83,11
DA:84,11
DA:87,11
DA:90,11
DA:94,11
DA:103,1
DA:108,11
DA:109,11
DA:110,11
DA:111,11
DA:112,11
DA:114,11
DA:115,14
DA:116,14
DA:117,14
DA:118,14
DA:122,11
DA:123,11
DA:124,3
DA:125,1
DA:126,2
DA:127,1
DA:130,11
DA:135,11
DA:137,11
DA:149,1
DA:153,7
DA:154,7
DA:155,5
DA:156,5
DA:158,1
DA:161,2
DA:163,7
DA:164,7
DA:166,7
DA:167,8
DA:168,8
DA:169,7
DA:170,7
DA:172,1
DA:175,7
DA:178,1
DA:179,1
DA:180,1
DA:181,1
DA:182,1
DA:184,0
DA:188,1
DA:189,4
DA:190,4
DA:191,4
DA:193,2
DA:195,2
DA:196,2
DA:197,2
DA:199,2
DA:200,5
DA:201,5
DA:202,0
DA:204,5
DA:206,2
DA:209,1
DA:212,7
DA:213,1
DA:215,6
DA:216,6
DA:217,1
DA:219,5
DA:220,5
DA:222,5
DA:223,1
DA:224,1
DA:225,1
DA:229,4
DA:230,4
DA:231,2
DA:233,2
LF:105
LH:101
BRDA:19,0,0,1
BRDA:19,0,1,10
BRDA:31,1,0,1
BRDA:31,1,1,10
BRDA:39,2,0,0
BRDA:45,3,0,10
BRDA:45,3,1,1
BRDA:45,4,0,11
BRDA:45,4,1,11
BRDA:54,5,0,11
BRDA:54,5,1,0
BRDA:55,6,0,11
BRDA:55,6,1,0
BRDA:65,7,0,11
BRDA:65,7,1,0
BRDA:68,8,0,0
BRDA:68,8,1,14
BRDA:70,9,0,14
BRDA:70,9,1,0
BRDA:71,10,0,14
BRDA:71,10,1,0
BRDA:74,11,0,14
BRDA:74,11,1,0
BRDA:75,12,0,14
BRDA:75,12,1,0
BRDA:82,13,0,11
BRDA:82,13,1,1
BRDA:82,14,0,11
BRDA:82,14,1,0
BRDA:84,15,0,10
BRDA:84,15,1,1
BRDA:87,16,0,10
BRDA:87,16,1,1
BRDA:90,17,0,10
BRDA:90,17,1,1
BRDA:105,18,0,0
BRDA:106,19,0,1
BRDA:108,20,0,0
BRDA:108,20,1,11
BRDA:108,21,0,11
BRDA:108,21,1,2
BRDA:109,22,0,11
BRDA:109,22,1,10
BRDA:109,22,2,10
BRDA:109,22,3,1
BRDA:111,23,0,11
BRDA:111,23,1,1
BRDA:111,24,0,11
BRDA:111,24,1,1
BRDA:117,25,0,14
BRDA:117,25,1,0
BRDA:117,26,0,14
BRDA:117,26,1,14
BRDA:123,27,0,3
BRDA:123,27,1,8
BRDA:124,28,0,1
BRDA:124,28,1,2
BRDA:124,29,0,3
BRDA:124,29,1,2
BRDA:124,29,2,1
BRDA:126,30,0,1
BRDA:126,30,1,1
BRDA:126,31,0,2
BRDA:126,31,1,1
BRDA:130,32,0,1
BRDA:130,32,1,10
BRDA:132,33,0,1
BRDA:132,33,1,9
BRDA:138,34,0,11
BRDA:138,34,1,10
BRDA:139,35,0,11
BRDA:139,35,1,2
BRDA:140,36,0,11
BRDA:140,36,1,1
BRDA:140,36,2,1
BRDA:141,37,0,11
BRDA:141,37,1,1
BRDA:151,38,0,0
BRDA:154,39,0,5
BRDA:154,39,1,2
BRDA:154,40,0,7
BRDA:154,40,1,7
BRDA:163,41,0,2
BRDA:163,41,1,5
BRDA:166,42,0,7
BRDA:166,42,1,0
BRDA:169,43,0,0
BRDA:169,43,1,7
BRDA:201,44,0,0
BRDA:201,44,1,5
BRDA:212,45,0,1
BRDA:212,45,1,6
BRDA:216,46,0,1
BRDA:216,46,1,5
BRDA:220,47,0,5
BRDA:220,47,1,2
BRDA:222,48,0,1
BRDA:222,48,1,4
BRDA:224,49,0,1
BRDA:224,49,1,0
BRDA:230,50,0,2
BRDA:230,50,1,2
BRF:102
BRH:84
end_of_record
TN:
SF:src\utils\chessTools.ts
FN:115,executeChessTool
FN:122,(anonymous_1)
FN:130,(anonymous_2)
FN:144,(anonymous_3)
FN:191,formatToolsForPrompt
FN:198,(anonymous_5)
FNF:6
FNH:6
FNDA:15,executeChessTool
FNDA:4,(anonymous_1)
FNDA:20,(anonymous_2)
FNDA:4,(anonymous_3)
FNDA:2,formatToolsForPrompt
FNDA:20,(anonymous_5)
DA:13,1
DA:116,15
DA:118,15
DA:119,15
DA:121,2
DA:122,4
DA:123,2
DA:127,1
DA:128,1
DA:130,20
DA:135,1
DA:139,1
DA:143,2
DA:144,4
DA:145,2
DA:149,2
DA:150,2
DA:159,1
DA:163,2
DA:167,1
DA:171,1
DA:180,1
DA:184,1
DA:187,0
DA:192,2
DA:198,20
LF:26
LH:25
BRDA:119,0,0,2
BRDA:119,0,1,1
BRDA:119,0,2,1
BRDA:119,0,3,1
BRDA:119,0,4,2
BRDA:119,0,5,2
BRDA:119,0,6,1
BRDA:119,0,7,2
BRDA:119,0,8,1
BRDA:119,0,9,1
BRDA:119,0,10,1
BRDA:144,1,0,4
BRDA:144,1,1,1
BRDA:144,1,2,0
BRDA:145,2,0,2
BRDA:145,2,1,1
BRDA:152,3,0,1
BRDA:152,3,1,1
BRDA:152,4,0,1
BRDA:152,4,1,0
BRDA:172,5,0,1
BRDA:172,5,1,0
BRF:22
BRH:19
end_of_record
TN:
SF:src\utils\conversationMemory.ts
FN:9,loadConversationHistory
FN:33,saveConversationHistory
FN:49,addToConversationHistory
FN:77,formatConversationForContext
FN:83,(anonymous_4)
FN:93,clearConversationHistory
FN:106,getConversationCount
FNF:7
FNH:7
FNDA:3,loadConversationHistory
FNDA:2,saveConversationHistory
FNDA:15,addToConversationHistory
FNDA:4,formatConversationForContext
FNDA:4,(anonymous_4)
FNDA:1,clearConversationHistory
FNDA:4,getConversationCount
DA:3,1
DA:4,1
DA:10,3
DA:11,3
DA:12,1
DA:16,2
DA:17,2
DA:18,2
DA:19,1
DA:23,1
DA:25,0
DA:26,0
DA:34,2
DA:36,2
DA:38,2
DA:39,2
DA:42,0
DA:54,15
DA:56,15
DA:71,15
DA:78,4
DA:79,1
DA:82,3
DA:84,4
DA:85,4
DA:94,1
DA:95,1
DA:96,1
DA:99,0
DA:107,4
LF:30
LH:26
BRDA:11,0,0,1
BRDA:11,0,1,2
BRDA:11,1,0,3
BRDA:11,1,1,3
BRDA:16,2,0,2
BRDA:16,2,1,0
BRDA:18,3,0,1
BRDA:18,3,1,1
BRDA:38,4,0,2
BRDA:38,4,1,0
BRDA:78,5,0,1
BRDA:78,5,1,3
BRDA:84,6,0,2
BRDA:84,6,1,2
BRDA:95,7,0,1
BRDA:95,7,1,0
BRF:16
BRH:13
end_of_record
TN:
SF:src\utils\engineDiscovery.ts
FN:4,getAPI
FN:8,discoverEngines
FN:27,detectEngine
FN:42,validateEnginePath
FN:57,getDefaultEngine
FN:67,getAvailableEngines
FNF:6
FNH:6
FNDA:17,getAPI
FNDA:7,discoverEngines
FNDA:5,detectEngine
FNDA:5,validateEnginePath
FNDA:6,getDefaultEngine
FNDA:6,getAvailableEngines
DA:5,17
DA:9,7
DA:10,7
DA:11,1
DA:12,1
DA:15,6
DA:16,6
DA:17,5
DA:22,1
DA:23,1
DA:28,5
DA:29,5
DA:30,1
DA:33,4
DA:34,4
DA:35,3
DA:37,1
DA:38,1
DA:43,5
DA:44,5
DA:45,1
DA:48,4
DA:49,4
DA:50,3
DA:52,1
DA:53,1
DA:58,6
DA:59,2
DA:61,4
DA:62,1
DA:64,3
DA:68,6
DA:69,6
DA:70,2
DA:76,6
DA:77,2
DA:83,6
LF:37
LH:37
BRDA:5,0,0,17
BRDA:5,0,1,0
BRDA:10,1,0,1
BRDA:10,1,1,6
BRDA:18,2,0,5
BRDA:18,2,1,2
BRDA:19,3,0,5
BRDA:19,3,1,3
BRDA:22,4,0,1
BRDA:22,4,1,0
BRDA:29,5,0,1
BRDA:29,5,1,4
BRDA:35,6,0,3
BRDA:35,6,1,1
BRDA:37,7,0,1
BRDA:37,7,1,0
BRDA:44,8,0,1
BRDA:44,8,1,4
BRDA:52,9,0,1
BRDA:52,9,1,0
BRDA:58,10,0,2
BRDA:58,10,1,4
BRDA:61,11,0,1
BRDA:61,11,1,3
BRDA:69,12,0,2
BRDA:69,12,1,4
BRDA:76,13,0,2
BRDA:76,13,1,4
BRF:28
BRH:24
end_of_record
TN:
SF:src\utils\gameMemory.ts
FN:8,loadGameMemory
FN:26,saveGameMemory
FN:39,addGameToMemory
FN:55,applyAnnotationsToPgn
FN:65,(anonymous_4)
FN:82,parseAnnotationsFromResponse
FN:91,(anonymous_6)
FN:106,formatAnnotationSymbol
FN:126,clearGameMemory
FN:139,deleteGameFromMemory
FN:140,(anonymous_10)
FN:146,exportGameAsPgn
FNF:12
FNH:12
FNDA:2,loadGameMemory
FNDA:1,saveGameMemory
FNDA:4,addGameToMemory
FNDA:2,applyAnnotationsToPgn
FNDA:2,(anonymous_4)
FNDA:5,parseAnnotationsFromResponse
FNDA:10,(anonymous_6)
FNDA:5,formatAnnotationSymbol
FNDA:1,clearGameMemory
FNDA:3,deleteGameFromMemory
FNDA:4,(anonymous_10)
FNDA:2,exportGameAsPgn
DA:3,1
DA:9,2
DA:10,2
DA:11,2
DA:12,2
DA:13,1
DA:16,1
DA:18,0
DA:19,0
DA:27,1
DA:28,1
DA:29,1
DA:32,0
DA:44,4
DA:49,4
DA:59,2
DA:60,1
DA:64,1
DA:65,1
DA:67,2
DA:68,2
DA:70,2
DA:72,2
DA:76,1
DA:85,5
DA:86,2
DA:89,3
DA:91,3
DA:92,10
DA:93,10
DA:95,10
DA:96,9
DA:100,3
DA:107,5
DA:109,1
DA:111,1
DA:113,1
DA:115,1
DA:117,1
DA:119,0
DA:127,1
DA:128,1
DA:129,1
DA:132,0
DA:140,4
DA:147,2
DA:152,2
LF:47
LH:42
BRDA:10,0,0,2
BRDA:10,0,1,0
BRDA:12,1,0,1
BRDA:12,1,1,1
BRDA:28,2,0,1
BRDA:28,2,1,0
BRDA:59,3,0,1
BRDA:59,3,1,1
BRDA:70,4,0,2
BRDA:70,4,1,0
BRDA:85,5,0,2
BRDA:85,5,1,3
BRDA:95,6,0,9
BRDA:95,6,1,1
BRDA:107,7,0,1
BRDA:107,7,1,1
BRDA:107,7,2,1
BRDA:107,7,3,1
BRDA:107,7,4,1
BRDA:107,7,5,0
BRDA:128,8,0,1
BRDA:128,8,1,0
BRF:22
BRH:17
end_of_record
TN:
SF:src\utils\llmResponseParser.ts
FN:6,parseLLMResponse
FN:35,normalizeResponseType
FN:53,validateLLMResponse
FN:87,formatConversationHistory
FN:89,(anonymous_4)
FNF:5
FNH:5
FNDA:14,parseLLMResponse
FNDA:26,normalizeResponseType
FNDA:5,validateLLMResponse
FNDA:3,formatConversationHistory
FNDA:4,(anonymous_4)
DA:7,14
DA:8,14
DA:9,13
DA:23,1
DA:36,26
DA:37,26
DA:39,18
DA:41,0
DA:43,4
DA:46,4
DA:54,5
DA:56,5
DA:57,1
DA:60,5
DA:62,5
DA:63,2
DA:64,1
DA:68,5
DA:69,1
DA:70,1
DA:74,5
DA:75,1
DA:78,5
DA:88,3
DA:89,4
LF:25
LH:24
BRDA:11,0,0,13
BRDA:11,0,1,0
BRDA:11,0,2,0
BRDA:12,1,0,13
BRDA:12,1,1,0
BRDA:12,1,2,0
BRDA:13,2,0,13
BRDA:13,2,1,13
BRDA:13,2,2,0
BRDA:14,3,0,13
BRDA:14,3,1,0
BRDA:14,3,2,0
BRDA:16,4,0,5
BRDA:16,4,1,8
BRDA:17,5,0,13
BRDA:17,5,1,6
BRDA:27,6,0,1
BRDA:27,6,1,0
BRDA:36,7,0,26
BRDA:36,7,1,0
BRDA:37,8,0,18
BRDA:37,8,1,0
BRDA:37,8,2,4
BRDA:37,8,3,2
BRDA:37,8,4,4
BRDA:56,9,0,1
BRDA:56,9,1,4
BRDA:56,10,0,5
BRDA:56,10,1,1
BRDA:60,11,0,5
BRDA:60,11,1,1
BRDA:60,11,2,1
BRDA:62,12,0,2
BRDA:62,12,1,3
BRDA:62,13,0,5
BRDA:62,13,1,3
BRDA:63,14,0,1
BRDA:63,14,1,1
BRDA:68,15,0,1
BRDA:68,15,1,4
BRDA:69,16,0,1
BRDA:69,16,1,0
BRDA:74,17,0,1
BRDA:74,17,1,4
BRDA:74,18,0,5
BRDA:74,18,1,1
BRDA:89,19,0,2
BRDA:89,19,1,2
BRF:48
BRH:37
end_of_record
TN:
SF:src\utils\puzzleUtils.ts
FN:4,looksLikeMoveSequence
FN:7,(anonymous_1)
FN:10,normalizeSolutionMove
FN:14,comparePuzzleAttempt
FN:16,(anonymous_4)
FN:19,makeExplanationCacheKey
FN:23,isSingleLineNumber
FN:30,shouldSkipKeyboardNavigation
FNF:8
FNH:8
FNDA:12,looksLikeMoveSequence
FNDA:10,(anonymous_1)
FNDA:27,normalizeSolutionMove
FNDA:8,comparePuzzleAttempt
FNDA:10,(anonymous_4)
FNDA:8,makeExplanationCacheKey
FNDA:9,isSingleLineNumber
FNDA:5,shouldSkipKeyboardNavigation
DA:1,1
DA:2,1
DA:5,12
DA:6,6
DA:7,10
DA:11,27
DA:15,8
DA:16,10
DA:20,8
DA:24,9
DA:25,9
DA:26,4
DA:27,4
DA:31,5
DA:32,4
DA:33,4
LF:16
LH:16
BRDA:5,0,0,6
BRDA:5,0,1,6
BRDA:5,1,0,12
BRDA:5,1,1,11
BRDA:5,1,2,7
BRDA:7,2,0,6
BRDA:7,2,1,6
BRDA:15,3,0,2
BRDA:15,3,1,6
BRDA:25,4,0,5
BRDA:25,4,1,4
BRDA:27,5,0,3
BRDA:27,5,1,1
BRDA:27,6,0,4
BRDA:27,6,1,4
BRDA:31,7,0,1
BRDA:31,7,1,4
BRDA:33,8,0,4
BRDA:33,8,1,3
BRF:19
BRH:19
end_of_record
TN:
SF:src\utils\systemPromptGenerator.ts
FN:16,generateSystemPrompt
FN:96,generateLegacySystemPrompt
FN:116,estimateTokenSavings
FNF:3
FNH:3
FNDA:24,generateSystemPrompt
FNDA:6,generateLegacySystemPrompt
FNDA:3,estimateTokenSavings
DA:8,1
DA:17,24
DA:20,24
DA:54,24
DA:81,24
DA:97,6
DA:117,3
DA:118,3
DA:120,3
DA:121,3
DA:122,3
DA:124,3
LF:12
LH:12
BRDA:17,0,0,23
BRDA:20,1,0,8
BRDA:20,1,1,16
BRDA:26,2,0,8
BRDA:26,2,1,8
BRDA:35,3,0,3
BRDA:35,3,1,5
BRDA:54,4,0,8
BRDA:54,4,1,16
BRDA:60,5,0,8
BRDA:60,5,1,8
BRDA:69,6,0,3
BRDA:69,6,1,5
BRF:13
BRH:13
end_of_record
TN:
SF:src\utils\twoStepLLMProcessing.ts
FN:7,determineRequestType
FN:73,parseRequestTypeResponse
FN:110,quickDetectAnalysisRequired
FN:133,(anonymous_3)
FNF:4
FNH:4
FNDA:10,determineRequestType
FNDA:7,parseRequestTypeResponse
FNDA:15,quickDetectAnalysisRequired
FNDA:139,(anonymous_3)
DA:23,10
DA:24,1
DA:27,9
DA:45,9
DA:46,9
DA:57,8
DA:58,1
DA:62,7
DA:63,7
DA:65,1
DA:66,1
DA:78,7
DA:80,7
DA:81,7
DA:82,1
DA:85,6
DA:86,5
DA:87,5
DA:89,5
DA:90,5
DA:91,4
DA:92,3
DA:93,2
DA:95,5
DA:101,1
DA:102,1
DA:111,15
DA:132,15
DA:133,139
LF:29
LH:29
BRDA:23,0,0,1
BRDA:23,0,1,9
BRDA:57,1,0,1
BRDA:57,1,1,7
BRDA:57,2,0,8
BRDA:57,2,1,7
BRDA:81,3,0,1
BRDA:81,3,1,6
BRDA:86,4,0,5
BRDA:86,4,1,0
BRDA:90,5,0,1
BRDA:90,5,1,4
BRDA:91,6,0,1
BRDA:91,6,1,3
BRDA:92,7,0,1
BRDA:92,7,1,2
BRF:16
BRH:15
end_of_record
